============================= test session starts ==============================
platform linux -- Python 3.12.3, pytest-8.3.5, pluggy-1.6.0 -- /home/alexf/claude-env/bin/python
cachedir: .pytest_cache
hypothesis profile 'default'
rootdir: /mnt/c/Users/alexf/OneDrive/Documents/Projects/quActuary/quactuary
configfile: pytest.ini
plugins: hypothesis-6.131.28, mock-3.14.0, cov-6.1.1
collecting ... collected 509 items / 22 deselected / 487 selected

quactuary/tests/backend/test_backend.py::test_get_backend_returns_backend_manager PASSED [  0%]
quactuary/tests/backend/test_backend.py::test_unsupported_backend_type PASSED [  0%]
quactuary/tests/backend/test_backend.py::test_copy_backend_manager PASSED [  0%]
quactuary/tests/backend/test_backend.py::test_set_backend_classical_sets_backend PASSED [  0%]
quactuary/tests/backend/test_backend.py::test_set_backend_invalid_mode PASSED [  1%]
quactuary/tests/backend/test_backend.py::test_set_backend_quantum_aersimulator PASSED [  1%]
quactuary/tests/backend/test_backend.py::test_set_backend_quantum_defaults_to_aersimulator PASSED [  1%]
quactuary/tests/backend/test_backend.py::test_set_backend_ibmq_provider_specific SKIPPED [  1%]
quactuary/tests/backend/test_backend.py::test_set_backend_ibmq_provider_default SKIPPED [  1%]
quactuary/tests/backend/test_backend.py::test_set_backend_invalid_quantum_provider PASSED [  2%]
quactuary/tests/backend/test_backend.py::test_use_backend_context_manager_restores_backend PASSED [  2%]
quactuary/tests/backend/test_backend.py::test_set_backend_missing_qiskit PASSED [  2%]
quactuary/tests/backend/test_backend.py::test_set_backend_missing_packaging PASSED [  2%]
quactuary/tests/backend/test_backend.py::test_set_backend_qiskit_wrong_version PASSED [  2%]
quactuary/tests/distributions/test_compound_binomial.py::TestBinomialExponentialCompound::test_mean_variance PASSED [  3%]
quactuary/tests/distributions/test_compound_binomial.py::TestBinomialExponentialCompound::test_zero_probability PASSED [  3%]
quactuary/tests/distributions/test_compound_binomial.py::TestBinomialExponentialCompound::test_pdf_cdf_consistency PASSED [  3%]
quactuary/tests/distributions/test_compound_binomial.py::TestBinomialExponentialCompound::test_random_sampling PASSED [  3%]
quactuary/tests/distributions/test_compound_binomial.py::TestBinomialExponentialCompound::test_quantile_function PASSED [  3%]
quactuary/tests/distributions/test_compound_binomial.py::TestBinomialGammaCompound::test_mean_variance PASSED [  4%]
quactuary/tests/distributions/test_compound_binomial.py::TestBinomialGammaCompound::test_special_case_exponential PASSED [  4%]
quactuary/tests/distributions/test_compound_binomial.py::TestBinomialGammaCompound::test_random_sampling PASSED [  4%]
quactuary/tests/distributions/test_compound_binomial.py::TestBinomialLognormalCompound::test_mean_variance PASSED [  4%]
quactuary/tests/distributions/test_compound_binomial.py::TestBinomialLognormalCompound::test_fenton_wilkinson_approximation PASSED [  4%]
quactuary/tests/distributions/test_compound_binomial.py::TestBinomialLognormalCompound::test_pdf_normalization PASSED [  5%]
quactuary/tests/distributions/test_compound_binomial.py::TestBinomialLognormalCompound::test_random_sampling PASSED [  5%]
quactuary/tests/distributions/test_compound_binomial.py::TestPanjerBinomialRecursion::test_simple_case PASSED [  5%]
quactuary/tests/distributions/test_compound_binomial.py::TestPanjerBinomialRecursion::test_recursion_coefficients PASSED [  5%]
quactuary/tests/distributions/test_compound_binomial.py::TestPanjerBinomialRecursion::test_comparison_with_simulation PASSED [  5%]
quactuary/tests/distributions/test_compound_binomial.py::test_integration_with_factory PASSED [  6%]
quactuary/tests/distributions/test_compound_binomial_comprehensive.py::TestBinomialExponentialAnalytical::test_analytical_pdf_formula PASSED [  6%]
quactuary/tests/distributions/test_compound_binomial_comprehensive.py::TestBinomialExponentialAnalytical::test_cdf_via_gamma_cdfs PASSED [  6%]
quactuary/tests/distributions/test_compound_binomial_comprehensive.py::TestBinomialExponentialAnalytical::test_moment_generating_function PASSED [  6%]
quactuary/tests/distributions/test_compound_binomial_comprehensive.py::TestBinomialGammaBessel::test_bessel_function_representation FAILED [  6%]
quactuary/tests/distributions/test_compound_binomial_comprehensive.py::TestBinomialGammaBessel::test_integer_alpha_reduction PASSED [  7%]
quactuary/tests/distributions/test_compound_binomial_comprehensive.py::TestFentonWilkinsonApproximation::test_fenton_wilkinson_parameter_matching PASSED [  7%]
quactuary/tests/distributions/test_compound_binomial_comprehensive.py::TestFentonWilkinsonApproximation::test_approximation_quality PASSED [  7%]
quactuary/tests/distributions/test_compound_binomial_comprehensive.py::TestPanjerRecursionConvergence::test_recursion_convergence_rate FAILED [  7%]
quactuary/tests/distributions/test_compound_binomial_comprehensive.py::TestPanjerRecursionConvergence::test_recursion_numerical_stability PASSED [  8%]
quactuary/tests/distributions/test_compound_binomial_comprehensive.py::TestPanjerRecursionConvergence::test_recursion_with_continuous_discretization PASSED [  8%]
quactuary/tests/distributions/test_compound_binomial_comprehensive.py::TestPropertyBasedTesting::test_moment_matching_binomial_exponential PASSED [  8%]
quactuary/tests/distributions/test_compound_binomial_comprehensive.py::TestPropertyBasedTesting::test_distribution_bounds_binomial_gamma FAILED [  8%]
quactuary/tests/distributions/test_compound_binomial_comprehensive.py::TestPropertyBasedTesting::test_cdf_monotonicity_binomial_lognormal FAILED [  8%]
quactuary/tests/distributions/test_compound_binomial_comprehensive.py::TestEdgeCases::test_extreme_probabilities PASSED [  9%]
quactuary/tests/distributions/test_compound_binomial_comprehensive.py::TestEdgeCases::test_large_n_stability PASSED [  9%]
quactuary/tests/distributions/test_compound_binomial_comprehensive.py::TestEdgeCases::test_degenerate_cases PASSED [  9%]
quactuary/tests/distributions/test_compound_binomial_comprehensive.py::TestEdgeCases::test_zero_handling PASSED [  9%]
quactuary/tests/distributions/test_compound_binomial_comprehensive.py::TestNumericalStability::test_log_scale_stability PASSED [  9%]
quactuary/tests/distributions/test_compound_binomial_comprehensive.py::TestNumericalStability::test_variance_calculation_stability PASSED [ 10%]
quactuary/tests/distributions/test_compound_binomial_comprehensive.py::TestNumericalStability::test_integration_accuracy PASSED [ 10%]
quactuary/tests/distributions/test_compound_binomial_comprehensive.py::test_integration_with_extended_factory PASSED [ 10%]
quactuary/tests/distributions/test_edgeworth_comprehensive.py::TestHermitePolynomials::test_hermite_polynomial_values FAILED [ 10%]
quactuary/tests/distributions/test_edgeworth_comprehensive.py::TestHermitePolynomials::test_hermite_recurrence_relation FAILED [ 10%]
quactuary/tests/distributions/test_edgeworth_comprehensive.py::TestHermitePolynomials::test_hermite_orthogonality FAILED [ 11%]
quactuary/tests/distributions/test_edgeworth_comprehensive.py::TestEdgeworthSeriesConvergence::test_convergence_validation PASSED [ 11%]
quactuary/tests/distributions/test_edgeworth_comprehensive.py::TestEdgeworthSeriesConvergence::test_automatic_order_selection FAILED [ 11%]
quactuary/tests/distributions/test_edgeworth_comprehensive.py::TestEdgeworthSeriesConvergence::test_convergence_with_sample_size PASSED [ 11%]
quactuary/tests/distributions/test_edgeworth_comprehensive.py::TestEdgeworthPDFCDF::test_edgeworth_vs_normal_small_corrections PASSED [ 11%]
quactuary/tests/distributions/test_edgeworth_comprehensive.py::TestEdgeworthPDFCDF::test_edgeworth_pdf_integration FAILED [ 12%]
quactuary/tests/distributions/test_edgeworth_comprehensive.py::TestEdgeworthPDFCDF::test_edgeworth_cdf_properties PASSED [ 12%]
quactuary/tests/distributions/test_edgeworth_comprehensive.py::TestEdgeworthPDFCDF::test_pdf_cdf_consistency FAILED [ 12%]
quactuary/tests/distributions/test_edgeworth_comprehensive.py::TestCornishFisherExpansion::test_cornish_fisher_inverse_property FAILED [ 12%]
quactuary/tests/distributions/test_edgeworth_comprehensive.py::TestCornishFisherExpansion::test_cornish_fisher_formula FAILED [ 12%]
quactuary/tests/distributions/test_edgeworth_comprehensive.py::TestCornishFisherExpansion::test_cornish_fisher_monotonicity PASSED [ 13%]
quactuary/tests/distributions/test_edgeworth_comprehensive.py::TestCompoundDistributionEdgeworth::test_compound_edgeworth_setup FAILED [ 13%]
quactuary/tests/distributions/test_edgeworth_comprehensive.py::TestCompoundDistributionEdgeworth::test_compound_edgeworth_accuracy FAILED [ 13%]
quactuary/tests/distributions/test_edgeworth_comprehensive.py::TestCompoundDistributionEdgeworth::test_compound_edgeworth_vs_simulation FAILED [ 13%]
quactuary/tests/distributions/test_edgeworth_comprehensive.py::TestPropertyBasedEdgeworth::test_edgeworth_basic_properties PASSED [ 13%]
quactuary/tests/distributions/test_edgeworth_comprehensive.py::TestPropertyBasedEdgeworth::test_order_consistency PASSED [ 14%]
quactuary/tests/distributions/test_edgeworth_comprehensive.py::TestEdgeCasesEdgeworth::test_zero_corrections PASSED [ 14%]
quactuary/tests/distributions/test_edgeworth_comprehensive.py::TestEdgeCasesEdgeworth::test_extreme_skewness PASSED [ 14%]
quactuary/tests/distributions/test_edgeworth_comprehensive.py::TestEdgeCasesEdgeworth::test_standardized_distribution PASSED [ 14%]
quactuary/tests/distributions/test_edgeworth_comprehensive.py::TestNumericalStabilityEdgeworth::test_large_arguments PASSED [ 14%]
quactuary/tests/distributions/test_edgeworth_comprehensive.py::TestNumericalStabilityEdgeworth::test_high_order_polynomials FAILED [ 15%]
quactuary/tests/distributions/test_edgeworth_comprehensive.py::TestNumericalStabilityEdgeworth::test_coefficient_stability PASSED [ 15%]
quactuary/tests/distributions/test_edgeworth_comprehensive.py::test_integration_with_wrapper PASSED [ 15%]
quactuary/tests/distributions/test_extended_distributions.py::TestMixedPoissonDistributions::test_poisson_gamma_mixture PASSED [ 15%]
quactuary/tests/distributions/test_extended_distributions.py::TestMixedPoissonDistributions::test_poisson_inverse_gaussian PASSED [ 16%]
quactuary/tests/distributions/test_extended_distributions.py::TestMixedPoissonDistributions::test_hierarchical_poisson PASSED [ 16%]
quactuary/tests/distributions/test_extended_distributions.py::TestMixedPoissonDistributions::test_time_varying_poisson PASSED [ 16%]
quactuary/tests/distributions/test_extended_distributions.py::TestZeroInflatedDistributions::test_zero_inflated_basic PASSED [ 16%]
quactuary/tests/distributions/test_extended_distributions.py::TestZeroInflatedDistributions::test_zero_inflation_em_algorithm PASSED [ 16%]
quactuary/tests/distributions/test_extended_distributions.py::TestZeroInflatedDistributions::test_zero_inflation_detection PASSED [ 17%]
quactuary/tests/distributions/test_extended_distributions.py::TestEdgeworthExpansion::test_edgeworth_basic PASSED [ 17%]
quactuary/tests/distributions/test_extended_distributions.py::TestEdgeworthExpansion::test_edgeworth_validation PASSED [ 17%]
quactuary/tests/distributions/test_extended_distributions.py::TestEdgeworthExpansion::test_cornish_fisher_expansion PASSED [ 17%]
quactuary/tests/distributions/test_extended_distributions.py::TestEdgeworthExpansion::test_automatic_order_selection PASSED [ 17%]
quactuary/tests/distributions/test_extended_distributions.py::TestIntegration::test_extended_factory_function PASSED [ 18%]
quactuary/tests/distributions/test_extended_distributions.py::TestIntegration::test_distribution_selection_guide PASSED [ 18%]
quactuary/tests/distributions/test_extended_distributions.py::TestIntegration::test_parallel_simulation PASSED [ 18%]
quactuary/tests/distributions/test_extended_distributions.py::test_parameter_boundaries PASSED [ 18%]
quactuary/tests/distributions/test_extended_distributions.py::test_convergence_properties PASSED [ 18%]
quactuary/tests/distributions/test_frequency.py::test_frequency_model PASSED [ 19%]
quactuary/tests/distributions/test_frequency.py::test_scipy_frequency_adapter PASSED [ 19%]
quactuary/tests/distributions/test_frequency.py::test_binomial PASSED    [ 19%]
quactuary/tests/distributions/test_frequency.py::test_deterministic PASSED [ 19%]
quactuary/tests/distributions/test_frequency.py::test_discrete_uniform_freq PASSED [ 19%]
quactuary/tests/distributions/test_frequency.py::test_empirical_freq PASSED [ 20%]
quactuary/tests/distributions/test_frequency.py::test_geometric PASSED   [ 20%]
quactuary/tests/distributions/test_frequency.py::test_hypergeometric PASSED [ 20%]
quactuary/tests/distributions/test_frequency.py::test_mixed_frequency PASSED [ 20%]
quactuary/tests/distributions/test_frequency.py::test_negative_binomial PASSED [ 20%]
quactuary/tests/distributions/test_frequency.py::test_panjer_abk PASSED  [ 21%]
quactuary/tests/distributions/test_frequency.py::test_poisson PASSED     [ 21%]
quactuary/tests/distributions/test_frequency.py::test_triangular_freq PASSED [ 21%]
quactuary/tests/distributions/test_frequency.py::test_to_frequency_model_scalar PASSED [ 21%]
quactuary/tests/distributions/test_frequency.py::test_to_frequency_model_scalar_npint PASSED [ 21%]
quactuary/tests/distributions/test_frequency.py::test_to_frequency_model_list PASSED [ 22%]
quactuary/tests/distributions/test_frequency.py::test_to_frequency_model_nparray PASSED [ 22%]
quactuary/tests/distributions/test_frequency.py::test_to_frequency_model_series PASSED [ 22%]
quactuary/tests/distributions/test_frequency.py::test_to_frequency_model_frozen PASSED [ 22%]
quactuary/tests/distributions/test_frequency.py::test_to_frequency_model_model_returned PASSED [ 22%]
quactuary/tests/distributions/test_frequency.py::test_to_frequency_model_empirical_list PASSED [ 23%]
quactuary/tests/distributions/test_frequency.py::test_to_frequency_model_empty_list_error PASSED [ 23%]
quactuary/tests/distributions/test_frequency.py::test_to_frequency_model_float_error PASSED [ 23%]
quactuary/tests/distributions/test_frequency.py::test_to_frequency_model_list_with_float_error PASSED [ 23%]
quactuary/tests/distributions/test_frequency.py::test_to_frequency_model_invalid_list_error PASSED [ 24%]
quactuary/tests/distributions/test_mixed_poisson_comprehensive.py::TestPoissonGammaMixture::test_negative_binomial_equivalence FAILED [ 24%]
quactuary/tests/distributions/test_mixed_poisson_comprehensive.py::TestPoissonGammaMixture::test_overdispersion_property PASSED [ 24%]
quactuary/tests/distributions/test_mixed_poisson_comprehensive.py::TestPoissonGammaMixture::test_mixing_density PASSED [ 24%]
quactuary/tests/distributions/test_mixed_poisson_comprehensive.py::TestPoissonGammaMixture::test_posterior_inference PASSED [ 24%]
quactuary/tests/distributions/test_mixed_poisson_comprehensive.py::TestPoissonGammaMixture::test_tail_behavior FAILED [ 25%]
quactuary/tests/distributions/test_mixed_poisson_comprehensive.py::TestPoissonInverseGaussianMixture::test_heavy_tail_property FAILED [ 25%]
quactuary/tests/distributions/test_mixed_poisson_comprehensive.py::TestPoissonInverseGaussianMixture::test_mixing_density_inverse_gaussian FAILED [ 25%]
quactuary/tests/distributions/test_mixed_poisson_comprehensive.py::TestPoissonInverseGaussianMixture::test_variance_to_mean_ratio FAILED [ 25%]
quactuary/tests/distributions/test_mixed_poisson_comprehensive.py::TestHierarchicalPoissonMixture::test_two_level_hierarchy FAILED [ 25%]
quactuary/tests/distributions/test_mixed_poisson_comprehensive.py::TestHierarchicalPoissonMixture::test_conditional_simulation FAILED [ 26%]
quactuary/tests/distributions/test_mixed_poisson_comprehensive.py::TestHierarchicalPoissonMixture::test_variance_decomposition FAILED [ 26%]
quactuary/tests/distributions/test_mixed_poisson_comprehensive.py::TestTimeVaryingPoissonMixture::test_constant_intensity_function FAILED [ 26%]
quactuary/tests/distributions/test_mixed_poisson_comprehensive.py::TestTimeVaryingPoissonMixture::test_linear_intensity_function FAILED [ 26%]
quactuary/tests/distributions/test_mixed_poisson_comprehensive.py::TestTimeVaryingPoissonMixture::test_seasonal_intensity_function FAILED [ 26%]
quactuary/tests/distributions/test_mixed_poisson_comprehensive.py::TestTimeVaryingPoissonMixture::test_intensity_integration_accuracy FAILED [ 27%]
quactuary/tests/distributions/test_mixed_poisson_comprehensive.py::TestPropertyBasedMixedPoisson::test_poisson_gamma_properties FAILED [ 27%]
quactuary/tests/distributions/test_mixed_poisson_comprehensive.py::TestPropertyBasedMixedPoisson::test_poisson_inverse_gaussian_properties FAILED [ 27%]
quactuary/tests/distributions/test_mixed_poisson_comprehensive.py::TestEdgeCasesMixedPoisson::test_small_mixing_variance FAILED [ 27%]
quactuary/tests/distributions/test_mixed_poisson_comprehensive.py::TestEdgeCasesMixedPoisson::test_extreme_overdispersion FAILED [ 27%]
quactuary/tests/distributions/test_mixed_poisson_comprehensive.py::TestEdgeCasesMixedPoisson::test_degenerate_hierarchical FAILED [ 28%]
quactuary/tests/distributions/test_mixed_poisson_comprehensive.py::TestNumericalStabilityMixedPoisson::test_extreme_parameter_values FAILED [ 28%]
quactuary/tests/distributions/test_mixed_poisson_comprehensive.py::TestNumericalStabilityMixedPoisson::test_log_probability_stability PASSED [ 28%]
quactuary/tests/distributions/test_mixed_poisson_comprehensive.py::TestNumericalStabilityMixedPoisson::test_tail_probability_computation FAILED [ 28%]
quactuary/tests/distributions/test_mixed_poisson_comprehensive.py::test_integration_with_compound_distributions PASSED [ 28%]
quactuary/tests/distributions/test_property_based_distributions.py::TestMomentMatching::test_binomial_exponential_moments PASSED [ 29%]
quactuary/tests/distributions/test_property_based_distributions.py::TestMomentMatching::test_binomial_gamma_moments PASSED [ 29%]
quactuary/tests/distributions/test_property_based_distributions.py::TestMomentMatching::test_poisson_gamma_mixture_moments PASSED [ 29%]
quactuary/tests/distributions/test_property_based_distributions.py::TestMomentMatching::test_zero_inflated_moments PASSED [ 29%]
quactuary/tests/distributions/test_property_based_distributions.py::TestDistributionBounds::test_cdf_bounds_and_monotonicity FAILED [ 29%]
quactuary/tests/distributions/test_property_based_distributions.py::TestDistributionBounds::test_pdf_non_negative PASSED [ 30%]
quactuary/tests/distributions/test_property_based_distributions.py::TestDistributionBounds::test_pmf_sum_to_one FAILED [ 30%]
quactuary/tests/distributions/test_property_based_distributions.py::TestDistributionBounds::test_survival_function_consistency FAILED [ 30%]
quactuary/tests/distributions/test_property_based_distributions.py::TestMonotonicityProperties::test_mean_monotonicity_in_parameters PASSED [ 30%]
quactuary/tests/distributions/test_property_based_distributions.py::TestMonotonicityProperties::test_zero_inflation_effect PASSED [ 31%]
quactuary/tests/distributions/test_property_based_distributions.py::TestNumericalStabilityProperties::test_extreme_parameters_stability PASSED [ 31%]
quactuary/tests/distributions/test_property_based_distributions.py::TestNumericalStabilityProperties::test_log_probability_computation PASSED [ 31%]
quactuary/tests/distributions/test_property_based_distributions.py::TestSpecialCases::test_binomial_n_equals_one PASSED [ 31%]
quactuary/tests/distributions/test_property_based_distributions.py::TestSpecialCases::test_negative_binomial_large_r FAILED [ 31%]
quactuary/tests/distributions/test_property_based_distributions.py::TestSpecialCases::test_extreme_zero_inflation PASSED [ 32%]
quactuary/tests/distributions/test_property_based_distributions.py::TestConsistencyAcrossImplementations::test_poisson_exponential_implementations PASSED [ 32%]
quactuary/tests/distributions/test_property_based_distributions.py::TestConsistencyAcrossImplementations::test_analytical_vs_simulation PASSED [ 32%]
quactuary/tests/distributions/test_severity.py::test_severity_model PASSED [ 32%]
quactuary/tests/distributions/test_severity.py::test_scipy_severity_adapt PASSED [ 32%]
quactuary/tests/distributions/test_severity.py::test_discreteized_severity_model PASSED [ 33%]
quactuary/tests/distributions/test_severity.py::test_beta_severity PASSED [ 33%]
quactuary/tests/distributions/test_severity.py::test_chi_squared_severity PASSED [ 33%]
quactuary/tests/distributions/test_severity.py::test_constant_severity PASSED [ 33%]
quactuary/tests/distributions/test_severity.py::test_continous_uniform_severity PASSED [ 33%]
quactuary/tests/distributions/test_severity.py::test_empirical_severity PASSED [ 34%]
quactuary/tests/distributions/test_severity.py::test_exponential_severity PASSED [ 34%]
quactuary/tests/distributions/test_severity.py::test_gamma_severity PASSED [ 34%]
quactuary/tests/distributions/test_severity.py::test_inverse_gamma_severity PASSED [ 34%]
quactuary/tests/distributions/test_severity.py::test_inverse_gaussian_severity PASSED [ 34%]
quactuary/tests/distributions/test_severity.py::test_inverse_weibull_severity PASSED [ 35%]
quactuary/tests/distributions/test_severity.py::test_lognormal_severity PASSED [ 35%]
quactuary/tests/distributions/test_severity.py::test_mix_severity PASSED [ 35%]
quactuary/tests/distributions/test_severity.py::test_pareto_severity PASSED [ 35%]
quactuary/tests/distributions/test_severity.py::test_t_severity PASSED   [ 35%]
quactuary/tests/distributions/test_severity.py::test_triangular_severity PASSED [ 36%]
quactuary/tests/distributions/test_severity.py::test_weibull_severity PASSED [ 36%]
quactuary/tests/distributions/test_severity.py::test_to_severity_model_scalar PASSED [ 36%]
quactuary/tests/distributions/test_severity.py::test_to_severity_model_scalar_npint PASSED [ 36%]
quactuary/tests/distributions/test_severity.py::test_to_severity_model_list PASSED [ 36%]
quactuary/tests/distributions/test_severity.py::test_to_severity_model_nparray PASSED [ 37%]
quactuary/tests/distributions/test_severity.py::test_to_severity_model_series PASSED [ 37%]
quactuary/tests/distributions/test_severity.py::test_to_severity_model_frozen PASSED [ 37%]
quactuary/tests/distributions/test_severity.py::test_to_severity_model_model_returned PASSED [ 37%]
quactuary/tests/distributions/test_severity.py::test_to_severity_model_empirical_list PASSED [ 37%]
quactuary/tests/distributions/test_severity.py::test_to_severity_model_empty_list_error PASSED [ 38%]
quactuary/tests/distributions/test_severity.py::test_to_severity_model_invalid_list_error PASSED [ 38%]
quactuary/tests/distributions/test_severity.py::test_to_severity_model_type_error PASSED [ 38%]
quactuary/tests/distributions/test_zero_inflated_comprehensive.py::TestZeroInflatedMixtureEMConvergence::test_em_convergence_simple_case FAILED [ 38%]
quactuary/tests/distributions/test_zero_inflated_comprehensive.py::TestZeroInflatedMixtureEMConvergence::test_em_monotonic_likelihood FAILED [ 39%]
quactuary/tests/distributions/test_zero_inflated_comprehensive.py::TestZeroInflatedMixtureEMConvergence::test_em_parameter_constraints FAILED [ 39%]
quactuary/tests/distributions/test_zero_inflated_comprehensive.py::TestZeroInflatedMixtureEMConvergence::test_em_initialization_strategies FAILED [ 39%]
quactuary/tests/distributions/test_zero_inflated_comprehensive.py::TestVuongTestStatistics::test_vuong_test_zi_vs_standard FAILED [ 39%]
quactuary/tests/distributions/test_zero_inflated_comprehensive.py::TestVuongTestStatistics::test_vuong_test_no_zero_inflation FAILED [ 39%]
quactuary/tests/distributions/test_zero_inflated_comprehensive.py::TestVuongTestStatistics::test_vuong_test_compound_distributions FAILED [ 40%]
quactuary/tests/distributions/test_zero_inflated_comprehensive.py::TestScoreTest::test_score_test_significant_zi FAILED [ 40%]
quactuary/tests/distributions/test_zero_inflated_comprehensive.py::TestScoreTest::test_score_test_no_zi FAILED [ 40%]
quactuary/tests/distributions/test_zero_inflated_comprehensive.py::TestScoreTest::test_score_test_boundary_case FAILED [ 40%]
quactuary/tests/distributions/test_zero_inflated_comprehensive.py::TestZeroInflatedCompoundDistributions::test_zi_poisson_compound_properties PASSED [ 40%]
quactuary/tests/distributions/test_zero_inflated_comprehensive.py::TestZeroInflatedCompoundDistributions::test_zi_negative_binomial_compound PASSED [ 41%]
quactuary/tests/distributions/test_zero_inflated_comprehensive.py::TestZeroInflatedCompoundDistributions::test_zi_binomial_compound PASSED [ 41%]
quactuary/tests/distributions/test_zero_inflated_comprehensive.py::TestZeroInflatedCompoundDistributions::test_parameter_estimation_methods PASSED [ 41%]
quactuary/tests/distributions/test_zero_inflated_comprehensive.py::TestPropertyBasedZeroInflated::test_zi_poisson_properties PASSED [ 41%]
quactuary/tests/distributions/test_zero_inflated_comprehensive.py::TestPropertyBasedZeroInflated::test_zi_negative_binomial_monotonicity PASSED [ 41%]
quactuary/tests/distributions/test_zero_inflated_comprehensive.py::TestEdgeCasesZeroInflated::test_zero_inflation_probability_extremes FAILED [ 42%]
quactuary/tests/distributions/test_zero_inflated_comprehensive.py::TestEdgeCasesZeroInflated::test_all_zeros_data FAILED [ 42%]
quactuary/tests/distributions/test_zero_inflated_comprehensive.py::TestEdgeCasesZeroInflated::test_no_zeros_data FAILED [ 42%]
quactuary/tests/distributions/test_zero_inflated_comprehensive.py::TestNumericalStabilityZeroInflated::test_extreme_parameter_combinations PASSED [ 42%]
quactuary/tests/distributions/test_zero_inflated_comprehensive.py::TestNumericalStabilityZeroInflated::test_log_likelihood_computation PASSED [ 42%]
quactuary/tests/distributions/test_zero_inflated_comprehensive.py::test_integration_with_factory PASSED [ 43%]
quactuary/tests/test_book.py::test_policy_terms_str PASSED               [ 43%]
quactuary/tests/test_book.py::test_inforce_str PASSED                    [ 43%]
quactuary/tests/test_book.py::test_portfolio_from_single_inforce PASSED  [ 43%]
quactuary/tests/test_book.py::test_portfolio_str PASSED                  [ 43%]
quactuary/tests/test_book.py::test_inforce_simulate PASSED               [ 44%]
quactuary/tests/test_book.py::test_policy_validation PASSED              [ 44%]
quactuary/tests/test_book.py::test_is_policy_active PASSED               [ 44%]
quactuary/tests/test_book.py::test_apply_retention PASSED                [ 44%]
quactuary/tests/test_book.py::test_apply_limits PASSED                   [ 44%]
quactuary/tests/test_book.py::test_apply_coinsurance PASSED              [ 45%]
quactuary/tests/test_book.py::test_apply_xol_attachment PASSED           [ 45%]
quactuary/tests/test_book.py::test_apply_policy_terms_comprehensive PASSED [ 45%]
quactuary/tests/test_book.py::test_apply_policy_terms_xol PASSED         [ 45%]
quactuary/tests/test_book.py::test_exposure_methods PASSED               [ 45%]
quactuary/tests/test_book.py::test_portfolio_simulate PASSED             [ 46%]
quactuary/tests/test_classical.py::test_classical_pricing_model PASSED   [ 46%]
quactuary/tests/test_compound.py::TestCompoundDistributionFactory::test_factory_creates_poisson_exponential PASSED [ 46%]
quactuary/tests/test_compound.py::TestCompoundDistributionFactory::test_factory_creates_poisson_gamma PASSED [ 46%]
quactuary/tests/test_compound.py::TestCompoundDistributionFactory::test_factory_creates_geometric_exponential PASSED [ 47%]
quactuary/tests/test_compound.py::TestCompoundDistributionFactory::test_factory_creates_negative_binomial_gamma PASSED [ 47%]
quactuary/tests/test_compound.py::TestCompoundDistributionFactory::test_factory_creates_binomial_lognormal PASSED [ 47%]
quactuary/tests/test_compound.py::TestCompoundDistributionFactory::test_factory_creates_binomial_exponential PASSED [ 47%]
quactuary/tests/test_compound.py::TestCompoundDistributionFactory::test_factory_creates_binomial_gamma PASSED [ 47%]
quactuary/tests/test_compound.py::TestCompoundDistributionFactory::test_factory_fallback_to_simulated PASSED [ 48%]
quactuary/tests/test_compound.py::TestCompoundDistributionFactory::test_abstract_base_class PASSED [ 48%]
quactuary/tests/test_compound.py::TestAnalyticalSolutions::test_poisson_exponential_mean_variance PASSED [ 48%]
quactuary/tests/test_compound.py::TestAnalyticalSolutions::test_poisson_exponential_pdf PASSED [ 48%]
quactuary/tests/test_compound.py::TestAnalyticalSolutions::test_poisson_exponential_cdf PASSED [ 48%]
quactuary/tests/test_compound.py::TestAnalyticalSolutions::test_poisson_exponential_quantiles PASSED [ 49%]
quactuary/tests/test_compound.py::TestAnalyticalSolutions::test_poisson_exponential_random_generation PASSED [ 49%]
quactuary/tests/test_compound.py::TestAnalyticalSolutions::test_poisson_gamma_mean_variance PASSED [ 49%]
quactuary/tests/test_compound.py::TestAnalyticalSolutions::test_poisson_gamma_tweedie_parameters FAILED [ 49%]
quactuary/tests/test_compound.py::TestAnalyticalSolutions::test_poisson_gamma_pdf_cdf PASSED [ 49%]
quactuary/tests/test_compound.py::TestAnalyticalSolutions::test_poisson_gamma_random_generation PASSED [ 50%]
quactuary/tests/test_compound.py::TestAnalyticalSolutions::test_geometric_exponential_mean_variance PASSED [ 50%]
quactuary/tests/test_compound.py::TestAnalyticalSolutions::test_geometric_exponential_distribution PASSED [ 50%]
quactuary/tests/test_compound.py::TestAnalyticalSolutions::test_geometric_exponential_edge_cases PASSED [ 50%]
quactuary/tests/test_compound.py::TestAnalyticalSolutions::test_negative_binomial_gamma_mean_variance PASSED [ 50%]
quactuary/tests/test_compound.py::TestAnalyticalSolutions::test_negative_binomial_gamma_zero_probability PASSED [ 51%]
quactuary/tests/test_compound.py::TestAnalyticalSolutions::test_negative_binomial_gamma_quantiles FAILED [ 51%]
quactuary/tests/test_compound.py::TestSimulatedCompound::test_mean_variance_formulas PASSED [ 51%]
quactuary/tests/test_compound.py::TestSimulatedCompound::test_cache_generation PASSED [ 51%]
quactuary/tests/test_compound.py::TestSimulatedCompound::test_pdf_estimation PASSED [ 51%]
quactuary/tests/test_compound.py::TestSimulatedCompound::test_cdf_empirical PASSED [ 52%]
quactuary/tests/test_compound.py::TestSimulatedCompound::test_ppf_empirical PASSED [ 52%]
quactuary/tests/test_compound.py::TestSimulatedCompound::test_rvs_consistency PASSED [ 52%]
quactuary/tests/test_compound.py::TestNumericalStability::test_extreme_parameters PASSED [ 52%]
quactuary/tests/test_compound.py::TestNumericalStability::test_series_convergence PASSED [ 52%]
quactuary/tests/test_compound.py::TestNumericalStability::test_zero_claims_handling PASSED [ 53%]
quactuary/tests/test_compound.py::TestNumericalStability::test_scalar_vs_array_consistency PASSED [ 53%]
quactuary/tests/test_compound.py::TestNumericalStability::test_empty_array_inputs PASSED [ 53%]
quactuary/tests/test_compound.py::TestNumericalStability::test_boundary_quantiles PASSED [ 53%]
quactuary/tests/test_compound.py::TestNumericalStability::test_degenerate_cases PASSED [ 54%]
quactuary/tests/test_compound.py::TestPerformanceAndIntegration::test_analytical_faster_than_simulated PASSED [ 54%]
quactuary/tests/test_compound.py::TestPerformanceAndIntegration::test_mean_calculation_performance PASSED [ 54%]
quactuary/tests/test_compound.py::TestPerformanceAndIntegration::test_quantum_integration PASSED [ 54%]
quactuary/tests/test_compound.py::TestPerformanceAndIntegration::test_quantum_compatible_parameters FAILED [ 54%]
quactuary/tests/test_compound.py::TestBinomialCompounds::test_binomial_lognormal_approximation FAILED [ 55%]
quactuary/tests/test_compound.py::TestBinomialCompounds::test_binomial_lognormal_rvs PASSED [ 55%]
quactuary/tests/test_compound.py::TestBinomialCompounds::test_binomial_exponential_gamma_factory FAILED [ 55%]
quactuary/tests/test_jit_performance.py::TestJITPerformance::test_jit_kernel_compilation PASSED [ 55%]
quactuary/tests/test_jit_performance.py::TestJITPerformance::test_jit_vs_no_jit_strategy SKIPPED [ 55%]
quactuary/tests/test_jit_performance.py::TestJITPerformance::test_jit_vs_standard_performance SKIPPED [ 56%]
quactuary/tests/test_jit_performance.py::TestJITPerformance::test_jit_with_different_distributions PASSED [ 56%]
quactuary/tests/test_jit_performance.py::TestJITPerformance::test_pricing_model_with_jit SKIPPED [ 56%]
quactuary/tests/test_jit_speedup.py::test_jit_speedup PASSED             [ 56%]
quactuary/tests/test_jit_speedup.py::test_jit_compilation_overhead PASSED [ 56%]
quactuary/tests/test_memory_management.py::TestMemoryConfig::test_memory_config_defaults FAILED [ 57%]
quactuary/tests/test_memory_management.py::TestMemoryConfig::test_memory_config_custom FAILED [ 57%]
quactuary/tests/test_memory_management.py::TestMemoryManager::test_initialization FAILED [ 57%]
quactuary/tests/test_memory_management.py::TestMemoryManager::test_estimate_memory_usage FAILED [ 57%]
quactuary/tests/test_memory_management.py::TestMemoryManager::test_calculate_optimal_batch_size FAILED [ 57%]
quactuary/tests/test_memory_management.py::TestMemoryManager::test_allocate_memory_array FAILED [ 58%]
quactuary/tests/test_memory_management.py::TestMemoryManager::test_create_memory_mapped_array FAILED [ 58%]
quactuary/tests/test_memory_management.py::TestMemoryManager::test_optimize_gc FAILED [ 58%]
quactuary/tests/test_memory_management.py::TestMemoryManager::test_clear_memory_pool FAILED [ 58%]
quactuary/tests/test_memory_management.py::TestStreamingSimulator::test_initialization FAILED [ 58%]
quactuary/tests/test_memory_management.py::TestStreamingSimulator::test_simulate_streaming FAILED [ 59%]
quactuary/tests/test_memory_management.py::TestStreamingSimulator::test_simulate_batch FAILED [ 59%]
quactuary/tests/test_memory_management.py::TestStreamingSimulator::test_update_online_statistics FAILED [ 59%]
quactuary/tests/test_memory_management.py::TestStreamingSimulator::test_finalize_statistics FAILED [ 59%]
quactuary/tests/test_memory_management.py::TestStreamingSimulator::test_empty_portfolio FAILED [ 59%]
quactuary/tests/test_memory_management.py::TestDemonstrateMemoryManagement::test_demonstration FAILED [ 60%]
quactuary/tests/test_parallel_processing.py::TestParallelProcessing::test_parallel_config PASSED [ 60%]
quactuary/tests/test_parallel_processing.py::TestParallelProcessing::test_parallel_simulator_basic PASSED [ 60%]
quactuary/tests/test_parallel_processing.py::TestParallelProcessing::test_vectorized_parallel PASSED [ 60%]
quactuary/tests/test_parallel_processing.py::TestParallelProcessing::test_portfolio_parallel PASSED [ 60%]
quactuary/tests/test_parallel_processing.py::TestParallelProcessing::test_error_handling PASSED [ 61%]
quactuary/tests/test_parallel_processing.py::TestParallelConfigExtended::test_parallel_config_defaults PASSED [ 61%]
quactuary/tests/test_parallel_processing.py::TestParallelConfigExtended::test_parallel_config_custom PASSED [ 61%]
quactuary/tests/test_pricing.py::TestPricingModelBasics::test_basic_initialization PASSED [ 61%]
quactuary/tests/test_pricing.py::TestPricingModelBasics::test_inheritance_structure PASSED [ 62%]
quactuary/tests/test_pricing.py::TestPricingModelBasics::test_empty_portfolio PASSED [ 62%]
quactuary/tests/test_pricing.py::TestPricingModelBasics::test_set_compound_distribution PASSED [ 62%]
quactuary/tests/test_pricing.py::TestPricingModelBasics::test_set_compound_distribution_different_types PASSED [ 62%]
quactuary/tests/test_pricing.py::TestPricingModelBasics::test_simulate_with_classical_backend PASSED [ 62%]
quactuary/tests/test_pricing.py::TestPricingModelBasics::test_simulate_with_quantum_backend PASSED [ 63%]
quactuary/tests/test_pricing.py::TestPricingModelBasics::test_simulate_with_backend_v1 PASSED [ 63%]
quactuary/tests/test_pricing.py::TestPricingModelBasics::test_simulate_with_default_backend PASSED [ 63%]
quactuary/tests/test_pricing.py::TestPricingModelBasics::test_simulate_with_custom_parameters PASSED [ 63%]
quactuary/tests/test_pricing.py::TestAggregateStatistics::test_calculate_aggregate_statistics_no_distribution PASSED [ 63%]
quactuary/tests/test_pricing.py::TestAggregateStatistics::test_calculate_aggregate_statistics_basic PASSED [ 64%]
quactuary/tests/test_pricing.py::TestAggregateStatistics::test_calculate_aggregate_statistics_with_default_confidence_levels PASSED [ 64%]
quactuary/tests/test_pricing.py::TestAggregateStatistics::test_calculate_aggregate_statistics_with_custom_confidence_levels PASSED [ 64%]
quactuary/tests/test_pricing.py::TestAggregateStatistics::test_calculate_aggregate_statistics_with_no_tail_samples PASSED [ 64%]
quactuary/tests/test_pricing.py::TestAggregateStatistics::test_calculate_aggregate_statistics_with_policy_terms PASSED [ 64%]
quactuary/tests/test_pricing.py::TestAggregateStatistics::test_aggregate_statistics_with_numpy_edge_cases PASSED [ 65%]
quactuary/tests/test_pricing.py::TestAggregateStatistics::test_compound_distribution_with_different_models PASSED [ 65%]
quactuary/tests/test_pricing.py::TestExcessLayerPricing::test_price_excess_layer_no_distribution PASSED [ 65%]
quactuary/tests/test_pricing.py::TestExcessLayerPricing::test_price_excess_layer_basic PASSED [ 65%]
quactuary/tests/test_pricing.py::TestExcessLayerPricing::test_price_excess_layer_zero_attachment PASSED [ 65%]
quactuary/tests/test_pricing.py::TestExcessLayerPricing::test_price_excess_layer_no_losses PASSED [ 66%]
quactuary/tests/test_pricing.py::TestExcessLayerPricing::test_price_excess_layer_all_losses_capped PASSED [ 66%]
quactuary/tests/test_pricing.py::TestExcessLayerPricing::test_price_excess_layer_partial_losses PASSED [ 66%]
quactuary/tests/test_pricing.py::TestExcessLayerPricing::test_price_excess_layer_different_parameters PASSED [ 66%]
quactuary/tests/test_pricing.py::TestEdgeCasesAndErrors::test_simulate_with_unsupported_backend PASSED [ 66%]
quactuary/tests/test_pricing.py::TestEdgeCasesAndErrors::test_compound_distribution_factory_with_mock_backend PASSED [ 67%]
quactuary/tests/test_pricing.py::TestEdgeCasesAndErrors::test_multiple_backend_switches PASSED [ 67%]
quactuary/tests/test_pricing.py::TestEdgeCasesAndErrors::test_zero_frequency_distribution PASSED [ 67%]
quactuary/tests/test_pricing.py::TestEdgeCasesAndErrors::test_tvar_calculation_edge_case PASSED [ 67%]
quactuary/tests/test_pricing.py::TestEdgeCasesAndErrors::test_no_losses_exceed_attachment PASSED [ 67%]
quactuary/tests/test_pricing.py::TestPricingStrategies::test_pricing_model_default_strategy PASSED [ 68%]
quactuary/tests/test_pricing.py::TestPricingStrategies::test_pricing_model_custom_strategy PASSED [ 68%]
quactuary/tests/test_pricing.py::TestPricingStrategies::test_classical_strategy_delegation PASSED [ 68%]
quactuary/tests/test_pricing.py::TestPricingStrategies::test_quantum_strategy_not_implemented PASSED [ 68%]
quactuary/tests/test_pricing.py::TestPricingStrategies::test_classical_strategy_jit_optimization_flag PASSED [ 68%]
quactuary/tests/test_pricing.py::test_pricing_model PASSED               [ 69%]
quactuary/tests/test_quantum.py::test_quantum_pricing_model_mixin PASSED [ 69%]
quactuary/tests/test_sobol.py::TestSobolEngine::test_initialization PASSED [ 69%]
quactuary/tests/test_sobol.py::TestSobolEngine::test_dimension_bounds PASSED [ 69%]
quactuary/tests/test_sobol.py::TestSobolEngine::test_generate_points PASSED [ 70%]
quactuary/tests/test_sobol.py::TestSobolEngine::test_uniformity_1d PASSED [ 70%]
quactuary/tests/test_sobol.py::TestSobolEngine::test_low_discrepancy PASSED [ 70%]
quactuary/tests/test_sobol.py::TestSobolEngine::test_scrambling PASSED   [ 70%]
quactuary/tests/test_sobol.py::TestSobolEngine::test_reset PASSED        [ 70%]
quactuary/tests/test_sobol.py::TestDimensionAllocator::test_allocation_strategy PASSED [ 71%]
quactuary/tests/test_sobol.py::TestDimensionAllocator::test_dimension_wrapping PASSED [ 71%]
quactuary/tests/test_sobol.py::TestQMCSimulator::test_methods PASSED     [ 71%]
quactuary/tests/test_sobol.py::TestQMCSimulator::test_dimension_caching PASSED [ 71%]
quactuary/tests/test_sobol.py::TestQMCSimulator::test_global_simulator PASSED [ 71%]
quactuary/tests/test_sobol.py::TestQMCWrappers::test_frequency_wrapper PASSED [ 72%]
quactuary/tests/test_sobol.py::TestQMCWrappers::test_severity_wrapper PASSED [ 72%]
quactuary/tests/test_sobol.py::TestQMCWrappers::test_wrap_for_qmc PASSED [ 72%]
quactuary/tests/test_sobol.py::TestQMCWrappers::test_no_qmc_fallback PASSED [ 72%]
quactuary/tests/test_sobol.py::TestConvergence::test_mean_convergence PASSED [ 72%]
quactuary/tests/test_sobol.py::TestConvergence::test_tail_convergence FAILED [ 73%]
quactuary/tests/test_sobol.py::TestQMCWrapperCoverage::test_qmc_simulator_reset FAILED [ 73%]
quactuary/tests/test_sobol.py::TestQMCWrapperCoverage::test_qmc_frequency_wrapper_ppf FAILED [ 73%]
quactuary/tests/test_sobol.py::TestQMCWrapperCoverage::test_qmc_severity_wrapper_binary_search FAILED [ 73%]
quactuary/tests/test_sobol.py::TestQMCWrapperCoverage::test_wrap_for_qmc_preserves_attributes PASSED [ 73%]
quactuary/tests/test_sobol.py::TestQMCWrapperCoverage::test_dimension_allocator_large_portfolio FAILED [ 74%]
quactuary/tests/test_vectorized_simulation.py::TestVectorizedSimulator::test_simulate_inforce_vectorized FAILED [ 74%]
quactuary/tests/test_vectorized_simulation.py::TestVectorizedSimulator::test_simulate_inforce_vectorized_v2 FAILED [ 74%]
quactuary/tests/test_vectorized_simulation.py::TestVectorizedSimulator::test_consistency_between_v1_and_v2 FAILED [ 74%]
quactuary/tests/test_vectorized_simulation.py::TestVectorizedSimulator::test_apply_policy_terms_vectorized FAILED [ 74%]
quactuary/tests/test_vectorized_simulation.py::TestVectorizedSimulator::test_calculate_statistics_vectorized FAILED [ 75%]
quactuary/tests/test_vectorized_simulation.py::TestVectorizedSimulator::test_zero_frequency_handling FAILED [ 75%]
quactuary/tests/test_vectorized_simulation.py::TestVectorizedSimulator::test_extreme_values FAILED [ 75%]
quactuary/tests/test_vectorized_simulation.py::TestBenchmarkVectorization::test_benchmark_execution FAILED [ 75%]
quactuary/tests/test_vectorized_simulation.py::TestBenchmarkVectorization::test_benchmark_output FAILED [ 75%]
quactuary/tests/utils/test_numerical.py::TestLogSpaceOperations::test_logsumexp_basic PASSED [ 76%]
quactuary/tests/utils/test_numerical.py::TestLogSpaceOperations::test_logsumexp_overflow_protection PASSED [ 76%]
quactuary/tests/utils/test_numerical.py::TestLogSpaceOperations::test_logsumexp_axis PASSED [ 76%]
quactuary/tests/utils/test_numerical.py::TestLogSpaceOperations::test_logsumexp_keepdims PASSED [ 76%]
quactuary/tests/utils/test_numerical.py::TestLogSpaceOperations::test_logsumexp_with_weights PASSED [ 77%]
quactuary/tests/utils/test_numerical.py::TestLogSpaceOperations::test_logaddexp_basic PASSED [ 77%]
quactuary/tests/utils/test_numerical.py::TestLogSpaceOperations::test_logaddexp_overflow_protection PASSED [ 77%]
quactuary/tests/utils/test_numerical.py::TestLogSpaceOperations::test_logaddexp_arrays PASSED [ 77%]
quactuary/tests/utils/test_numerical.py::TestLogSpaceOperations::test_logaddexp_edge_cases PASSED [ 77%]
quactuary/tests/utils/test_numerical.py::TestStableExponentials::test_stable_exp_basic PASSED [ 78%]
quactuary/tests/utils/test_numerical.py::TestStableExponentials::test_stable_exp_overflow_protection PASSED [ 78%]
quactuary/tests/utils/test_numerical.py::TestStableExponentials::test_stable_exp_underflow_protection PASSED [ 78%]
quactuary/tests/utils/test_numerical.py::TestStableExponentials::test_stable_exp_no_clip PASSED [ 78%]
quactuary/tests/utils/test_numerical.py::TestStableExponentials::test_stable_exp_array PASSED [ 78%]
quactuary/tests/utils/test_numerical.py::TestStableExponentials::test_stable_log_basic PASSED [ 79%]
quactuary/tests/utils/test_numerical.py::TestStableExponentials::test_stable_log_zero_protection PASSED [ 79%]
quactuary/tests/utils/test_numerical.py::TestStableExponentials::test_stable_log_negative_error PASSED [ 79%]
quactuary/tests/utils/test_numerical.py::TestStableExponentials::test_stable_log_array PASSED [ 79%]
quactuary/tests/utils/test_numerical.py::TestStableExponentials::test_stable_log_custom_min PASSED [ 79%]
quactuary/tests/utils/test_numerical.py::TestNumericalValidation::test_check_finite_basic PASSED [ 80%]
quactuary/tests/utils/test_numerical.py::TestNumericalValidation::test_check_finite_nan_error PASSED [ 80%]
quactuary/tests/utils/test_numerical.py::TestNumericalValidation::test_check_finite_inf_error PASSED [ 80%]
quactuary/tests/utils/test_numerical.py::TestNumericalValidation::test_check_finite_allow_nan PASSED [ 80%]
quactuary/tests/utils/test_numerical.py::TestNumericalValidation::test_check_finite_allow_inf PASSED [ 80%]
quactuary/tests/utils/test_numerical.py::TestNumericalValidation::test_clip_to_valid_range_basic PASSED [ 81%]
quactuary/tests/utils/test_numerical.py::TestNumericalValidation::test_clip_to_valid_range_warning PASSED [ 81%]
quactuary/tests/utils/test_numerical.py::TestNumericalValidation::test_clip_to_valid_range_min_only PASSED [ 81%]
quactuary/tests/utils/test_numerical.py::TestNumericalValidation::test_clip_to_valid_range_max_only PASSED [ 81%]
quactuary/tests/utils/test_numerical.py::TestNumericalValidation::test_detect_numerical_issues_clean PASSED [ 81%]
quactuary/tests/utils/test_numerical.py::TestNumericalValidation::test_detect_numerical_issues_nan PASSED [ 82%]
quactuary/tests/utils/test_numerical.py::TestNumericalValidation::test_detect_numerical_issues_inf PASSED [ 82%]
quactuary/tests/utils/test_numerical.py::TestNumericalValidation::test_detect_numerical_issues_underflow PASSED [ 82%]
quactuary/tests/utils/test_numerical.py::TestNumericalValidation::test_detect_numerical_issues_overflow PASSED [ 82%]
quactuary/tests/utils/test_numerical.py::TestActuarialUtilities::test_stable_probability_calculation_basic PASSED [ 82%]
quactuary/tests/utils/test_numerical.py::TestActuarialUtilities::test_stable_probability_calculation_extreme PASSED [ 83%]
quactuary/tests/utils/test_numerical.py::TestActuarialUtilities::test_stable_probability_calculation_no_normalize PASSED [ 83%]
quactuary/tests/utils/test_numerical.py::TestActuarialUtilities::test_stable_moment_calculation_mean PASSED [ 83%]
quactuary/tests/utils/test_numerical.py::TestActuarialUtilities::test_stable_moment_calculation_variance PASSED [ 83%]
quactuary/tests/utils/test_numerical.py::TestActuarialUtilities::test_stable_moment_calculation_unnormalized_probs SKIPPED [ 83%]
quactuary/tests/utils/test_numerical.py::TestActuarialUtilities::test_stable_moment_calculation_log_space PASSED [ 84%]
quactuary/tests/utils/test_numerical.py::TestActuarialUtilities::test_stable_moment_calculation_edge_cases PASSED [ 84%]
quactuary/tests/utils/test_numerical.py::TestActuarialUtilities::test_stable_quantile_interpolation_basic PASSED [ 84%]
quactuary/tests/utils/test_numerical.py::TestActuarialUtilities::test_stable_quantile_interpolation_array PASSED [ 84%]
quactuary/tests/utils/test_numerical.py::TestActuarialUtilities::test_stable_quantile_interpolation_edge_cases PASSED [ 85%]
quactuary/tests/utils/test_numerical.py::TestActuarialUtilities::test_stable_quantile_interpolation_validation PASSED [ 85%]
quactuary/tests/utils/test_numerical.py::TestActuarialUtilities::test_stable_quantile_interpolation_clipping PASSED [ 85%]
quactuary/tests/utils/test_numerical.py::TestIntegration::test_probability_workflow PASSED [ 85%]
quactuary/tests/utils/test_numerical.py::TestIntegration::test_extreme_value_workflow PASSED [ 85%]
quactuary/tests/utils/test_numerical.py::TestIntegration::test_numerical_validation_workflow PASSED [ 86%]
quactuary/tests/utils/test_numerical.py::TestEdgeCasesAndErrors::test_empty_arrays PASSED [ 86%]
quactuary/tests/utils/test_numerical.py::TestEdgeCasesAndErrors::test_scalar_inputs PASSED [ 86%]
quactuary/tests/utils/test_numerical.py::TestEdgeCasesAndErrors::test_type_preservation PASSED [ 86%]
quactuary/tests/utils/test_numerical.py::TestEdgeCasesAndErrors::test_nan_propagation PASSED [ 86%]
quactuary/tests/utils/test_numerical.py::TestValidationFunctions::test_validate_probability PASSED [ 87%]
quactuary/tests/utils/test_numerical.py::TestValidationFunctions::test_validate_positive_integer PASSED [ 87%]
quactuary/tests/utils/test_numerical.py::TestValidationFunctions::test_validate_non_negative_integer PASSED [ 87%]
tests/integration/test_accuracy_validation.py::TestNumericalAccuracy::test_optimization_numerical_accuracy[1e-06-0.0001] ERROR [ 87%]
tests/integration/test_accuracy_validation.py::TestNumericalAccuracy::test_optimization_numerical_accuracy[0.0001-0.001] ERROR [ 87%]
tests/integration/test_accuracy_validation.py::TestNumericalAccuracy::test_optimization_numerical_accuracy[0.001-0.01] ERROR [ 88%]
tests/integration/test_accuracy_validation.py::TestNumericalAccuracy::test_moments_preservation ERROR [ 88%]
tests/integration/test_accuracy_validation.py::TestStatisticalProperties::test_distribution_shape_preservation ERROR [ 88%]
tests/integration/test_accuracy_validation.py::TestStatisticalProperties::test_correlation_structure_preservation FAILED [ 88%]
tests/integration/test_accuracy_validation.py::TestEdgeCases::test_zero_loss_handling PASSED [ 88%]
tests/integration/test_accuracy_validation.py::TestEdgeCases::test_extreme_value_handling FAILED [ 89%]
tests/integration/test_accuracy_validation.py::TestRiskMeasures::test_var_at_multiple_confidence_levels[0.9] ERROR [ 89%]
tests/integration/test_accuracy_validation.py::TestRiskMeasures::test_var_at_multiple_confidence_levels[0.95] ERROR [ 89%]
tests/integration/test_accuracy_validation.py::TestRiskMeasures::test_var_at_multiple_confidence_levels[0.99] ERROR [ 89%]
tests/integration/test_accuracy_validation.py::TestRiskMeasures::test_var_at_multiple_confidence_levels[0.995] ERROR [ 89%]
tests/integration/test_accuracy_validation.py::TestRiskMeasures::test_var_monotonicity ERROR [ 90%]
tests/integration/test_accuracy_validation.py::TestDistributionCombinations::test_distribution_combination_accuracy[poisson-gamma] FAILED [ 90%]
tests/integration/test_accuracy_validation.py::TestDistributionCombinations::test_distribution_combination_accuracy[poisson-lognormal] FAILED [ 90%]
tests/integration/test_accuracy_validation.py::TestDistributionCombinations::test_distribution_combination_accuracy[negative_binomial-pareto] FAILED [ 90%]
tests/integration/test_accuracy_validation.py::TestDistributionCombinations::test_distribution_combination_accuracy[geometric-exponential] FAILED [ 90%]
tests/integration/test_end_to_end_scenarios.py::TestSmallPortfolioScenarios::test_homogeneous_small_portfolio FAILED [ 91%]
tests/integration/test_end_to_end_scenarios.py::TestSmallPortfolioScenarios::test_heterogeneous_small_portfolio FAILED [ 91%]
tests/integration/test_end_to_end_scenarios.py::TestSmallPortfolioScenarios::test_single_policy_many_simulations FAILED [ 91%]
tests/integration/test_end_to_end_scenarios.py::TestMediumPortfolioScenarios::test_property_insurance_portfolio FAILED [ 91%]
tests/integration/test_end_to_end_scenarios.py::TestMediumPortfolioScenarios::test_liability_insurance_portfolio FAILED [ 91%]
tests/integration/test_end_to_end_scenarios.py::TestMediumPortfolioScenarios::test_mixed_lines_portfolio FAILED [ 92%]
tests/integration/test_end_to_end_scenarios.py::TestLargePortfolioScenarios::test_large_portfolio_memory_management FAILED [ 92%]
tests/integration/test_end_to_end_scenarios.py::TestLargePortfolioScenarios::test_parallel_scaling_validation FAILED [ 92%]
tests/integration/test_end_to_end_scenarios.py::TestExtremeScenarios::test_extreme_portfolio_size FAILED [ 92%]
tests/integration/test_end_to_end_scenarios.py::TestExtremeScenarios::test_data_quality_edge_cases PASSED [ 93%]
tests/integration/test_optimization_combinations.py::TestOptimizationCombinations::test_single_optimization_strategies[True-False-False-False-False] ERROR [ 93%]
tests/integration/test_optimization_combinations.py::TestOptimizationCombinations::test_single_optimization_strategies[False-True-False-False-False] ERROR [ 93%]
tests/integration/test_optimization_combinations.py::TestOptimizationCombinations::test_single_optimization_strategies[False-False-True-False-False] ERROR [ 93%]
tests/integration/test_optimization_combinations.py::TestOptimizationCombinations::test_single_optimization_strategies[False-False-False-True-False] ERROR [ 93%]
tests/integration/test_optimization_combinations.py::TestOptimizationCombinations::test_single_optimization_strategies[False-False-False-False-True] ERROR [ 94%]
tests/integration/test_optimization_combinations.py::TestOptimizationCombinations::test_binary_optimization_combinations[jit-qmc] ERROR [ 94%]
tests/integration/test_optimization_combinations.py::TestOptimizationCombinations::test_binary_optimization_combinations[jit-parallel] ERROR [ 94%]
tests/integration/test_optimization_combinations.py::TestOptimizationCombinations::test_binary_optimization_combinations[jit-vectorized] ERROR [ 94%]
tests/integration/test_optimization_combinations.py::TestOptimizationCombinations::test_binary_optimization_combinations[qmc-parallel] ERROR [ 94%]
tests/integration/test_optimization_combinations.py::TestOptimizationCombinations::test_binary_optimization_combinations[qmc-vectorized] ERROR [ 95%]
tests/integration/test_optimization_combinations.py::TestOptimizationCombinations::test_binary_optimization_combinations[parallel-vectorized] ERROR [ 95%]
tests/integration/test_optimization_combinations.py::TestOptimizationCombinations::test_binary_optimization_combinations[vectorized-memory] ERROR [ 95%]
tests/integration/test_optimization_combinations.py::TestOptimizationCombinations::test_binary_optimization_combinations[memory-jit] ERROR [ 95%]
tests/integration/test_optimization_combinations.py::TestOptimizationCombinations::test_triple_optimization_combinations ERROR [ 95%]
tests/integration/test_optimization_combinations.py::TestOptimizationCombinations::test_full_optimization_combination ERROR [ 96%]
tests/integration/test_optimization_combinations.py::TestOptimizationCombinations::test_optimization_fallback_mechanisms ERROR [ 96%]
tests/integration/test_optimization_combinations.py::TestOptimizationCombinations::test_optimization_scaling_efficiency[100-2.0] ERROR [ 96%]
tests/integration/test_optimization_combinations.py::TestOptimizationCombinations::test_optimization_scaling_efficiency[1000-5.0] ERROR [ 96%]
tests/integration/test_optimization_combinations.py::TestOptimizationCombinations::test_optimization_scaling_efficiency[5000-10.0] ERROR [ 96%]
tests/integration/test_optimization_combinations.py::TestOptimizationCombinations::test_optimization_numerical_stability ERROR [ 97%]
tests/integration/test_performance_validation.py::TestSpeedupValidation::test_speedup_targets_by_size[small-15.0-5.0] FAILED [ 97%]
tests/integration/test_performance_validation.py::TestSpeedupValidation::test_speedup_targets_by_size[medium-35.0-10.0] FAILED [ 97%]
tests/integration/test_performance_validation.py::TestSpeedupValidation::test_speedup_targets_by_size[large-25.0-8.0] FAILED [ 97%]
tests/integration/test_performance_validation.py::TestSpeedupValidation::test_scaling_curve_analysis FAILED [ 97%]
tests/integration/test_performance_validation.py::TestMemoryEfficiency::test_memory_usage_limits[small-1024] FAILED [ 98%]
tests/integration/test_performance_validation.py::TestMemoryEfficiency::test_memory_usage_limits[medium-2048] FAILED [ 98%]
tests/integration/test_performance_validation.py::TestMemoryEfficiency::test_memory_usage_limits[large-4096] FAILED [ 98%]
tests/integration/test_performance_validation.py::TestMemoryEfficiency::test_memory_leak_detection FAILED [ 98%]
tests/integration/test_performance_validation.py::TestQMCConvergence::test_qmc_convergence_rate[1000--0.8] FAILED [ 98%]
tests/integration/test_performance_validation.py::TestQMCConvergence::test_qmc_convergence_rate[5000--0.9] FAILED [ 99%]
tests/integration/test_performance_validation.py::TestQMCConvergence::test_qmc_convergence_rate[10000--1.0] FAILED [ 99%]
tests/integration/test_performance_validation.py::TestQMCConvergence::test_qmc_vs_mc_comparison FAILED [ 99%]
tests/integration/test_performance_validation.py::TestBaselineComparison::test_baseline_regression_detection FAILED [ 99%]
tests/integration/test_performance_validation.py::TestBaselineComparison::test_performance_trend_analysis PASSED [100%]

==================================== ERRORS ====================================
_ ERROR at setup of TestNumericalAccuracy.test_optimization_numerical_accuracy[1e-06-0.0001] _
c:\Users\alexf\OneDrive\Documents\Projects\quActuary\quactuary\tests\integration\conftest.py:183: in small_portfolio
    ???
c:\Users\alexf\OneDrive\Documents\Projects\quActuary\quactuary\tests\integration\conftest.py:123: in generate_deterministic_portfolio
    ???
E   TypeError: Lognormal.__init__() got an unexpected keyword argument 'location'
_ ERROR at setup of TestNumericalAccuracy.test_optimization_numerical_accuracy[0.0001-0.001] _
c:\Users\alexf\OneDrive\Documents\Projects\quActuary\quactuary\tests\integration\conftest.py:183: in small_portfolio
    ???
c:\Users\alexf\OneDrive\Documents\Projects\quActuary\quactuary\tests\integration\conftest.py:123: in generate_deterministic_portfolio
    ???
E   TypeError: Lognormal.__init__() got an unexpected keyword argument 'location'
_ ERROR at setup of TestNumericalAccuracy.test_optimization_numerical_accuracy[0.001-0.01] _
c:\Users\alexf\OneDrive\Documents\Projects\quActuary\quactuary\tests\integration\conftest.py:183: in small_portfolio
    ???
c:\Users\alexf\OneDrive\Documents\Projects\quActuary\quactuary\tests\integration\conftest.py:123: in generate_deterministic_portfolio
    ???
E   TypeError: Lognormal.__init__() got an unexpected keyword argument 'location'
______ ERROR at setup of TestNumericalAccuracy.test_moments_preservation _______
c:\Users\alexf\OneDrive\Documents\Projects\quActuary\quactuary\tests\integration\conftest.py:189: in medium_portfolio
    ???
c:\Users\alexf\OneDrive\Documents\Projects\quActuary\quactuary\tests\integration\conftest.py:123: in generate_deterministic_portfolio
    ???
E   TypeError: Lognormal.__init__() got an unexpected keyword argument 'location'
_ ERROR at setup of TestStatisticalProperties.test_distribution_shape_preservation _
c:\Users\alexf\OneDrive\Documents\Projects\quActuary\quactuary\tests\integration\conftest.py:183: in small_portfolio
    ???
c:\Users\alexf\OneDrive\Documents\Projects\quActuary\quactuary\tests\integration\conftest.py:123: in generate_deterministic_portfolio
    ???
E   TypeError: Lognormal.__init__() got an unexpected keyword argument 'location'
_ ERROR at setup of TestRiskMeasures.test_var_at_multiple_confidence_levels[0.9] _
c:\Users\alexf\OneDrive\Documents\Projects\quActuary\quactuary\tests\integration\conftest.py:189: in medium_portfolio
    ???
c:\Users\alexf\OneDrive\Documents\Projects\quActuary\quactuary\tests\integration\conftest.py:123: in generate_deterministic_portfolio
    ???
E   TypeError: Lognormal.__init__() got an unexpected keyword argument 'location'
_ ERROR at setup of TestRiskMeasures.test_var_at_multiple_confidence_levels[0.95] _
c:\Users\alexf\OneDrive\Documents\Projects\quActuary\quactuary\tests\integration\conftest.py:189: in medium_portfolio
    ???
c:\Users\alexf\OneDrive\Documents\Projects\quActuary\quactuary\tests\integration\conftest.py:123: in generate_deterministic_portfolio
    ???
E   TypeError: Lognormal.__init__() got an unexpected keyword argument 'location'
_ ERROR at setup of TestRiskMeasures.test_var_at_multiple_confidence_levels[0.99] _
c:\Users\alexf\OneDrive\Documents\Projects\quActuary\quactuary\tests\integration\conftest.py:189: in medium_portfolio
    ???
c:\Users\alexf\OneDrive\Documents\Projects\quActuary\quactuary\tests\integration\conftest.py:123: in generate_deterministic_portfolio
    ???
E   TypeError: Lognormal.__init__() got an unexpected keyword argument 'location'
_ ERROR at setup of TestRiskMeasures.test_var_at_multiple_confidence_levels[0.995] _
c:\Users\alexf\OneDrive\Documents\Projects\quActuary\quactuary\tests\integration\conftest.py:189: in medium_portfolio
    ???
c:\Users\alexf\OneDrive\Documents\Projects\quActuary\quactuary\tests\integration\conftest.py:123: in generate_deterministic_portfolio
    ???
E   TypeError: Lognormal.__init__() got an unexpected keyword argument 'location'
___________ ERROR at setup of TestRiskMeasures.test_var_monotonicity ___________
c:\Users\alexf\OneDrive\Documents\Projects\quActuary\quactuary\tests\integration\conftest.py:183: in small_portfolio
    ???
c:\Users\alexf\OneDrive\Documents\Projects\quActuary\quactuary\tests\integration\conftest.py:123: in generate_deterministic_portfolio
    ???
E   TypeError: Lognormal.__init__() got an unexpected keyword argument 'location'
_ ERROR at setup of TestOptimizationCombinations.test_single_optimization_strategies[True-False-False-False-False] _
c:\Users\alexf\OneDrive\Documents\Projects\quActuary\quactuary\tests\integration\conftest.py:183: in small_portfolio
    ???
c:\Users\alexf\OneDrive\Documents\Projects\quActuary\quactuary\tests\integration\conftest.py:123: in generate_deterministic_portfolio
    ???
E   TypeError: Lognormal.__init__() got an unexpected keyword argument 'location'
_ ERROR at setup of TestOptimizationCombinations.test_single_optimization_strategies[False-True-False-False-False] _
c:\Users\alexf\OneDrive\Documents\Projects\quActuary\quactuary\tests\integration\conftest.py:183: in small_portfolio
    ???
c:\Users\alexf\OneDrive\Documents\Projects\quActuary\quactuary\tests\integration\conftest.py:123: in generate_deterministic_portfolio
    ???
E   TypeError: Lognormal.__init__() got an unexpected keyword argument 'location'
_ ERROR at setup of TestOptimizationCombinations.test_single_optimization_strategies[False-False-True-False-False] _
c:\Users\alexf\OneDrive\Documents\Projects\quActuary\quactuary\tests\integration\conftest.py:183: in small_portfolio
    ???
c:\Users\alexf\OneDrive\Documents\Projects\quActuary\quactuary\tests\integration\conftest.py:123: in generate_deterministic_portfolio
    ???
E   TypeError: Lognormal.__init__() got an unexpected keyword argument 'location'
_ ERROR at setup of TestOptimizationCombinations.test_single_optimization_strategies[False-False-False-True-False] _
c:\Users\alexf\OneDrive\Documents\Projects\quActuary\quactuary\tests\integration\conftest.py:183: in small_portfolio
    ???
c:\Users\alexf\OneDrive\Documents\Projects\quActuary\quactuary\tests\integration\conftest.py:123: in generate_deterministic_portfolio
    ???
E   TypeError: Lognormal.__init__() got an unexpected keyword argument 'location'
_ ERROR at setup of TestOptimizationCombinations.test_single_optimization_strategies[False-False-False-False-True] _
c:\Users\alexf\OneDrive\Documents\Projects\quActuary\quactuary\tests\integration\conftest.py:183: in small_portfolio
    ???
c:\Users\alexf\OneDrive\Documents\Projects\quActuary\quactuary\tests\integration\conftest.py:123: in generate_deterministic_portfolio
    ???
E   TypeError: Lognormal.__init__() got an unexpected keyword argument 'location'
_ ERROR at setup of TestOptimizationCombinations.test_binary_optimization_combinations[jit-qmc] _
c:\Users\alexf\OneDrive\Documents\Projects\quActuary\quactuary\tests\integration\conftest.py:183: in small_portfolio
    ???
c:\Users\alexf\OneDrive\Documents\Projects\quActuary\quactuary\tests\integration\conftest.py:123: in generate_deterministic_portfolio
    ???
E   TypeError: Lognormal.__init__() got an unexpected keyword argument 'location'
_ ERROR at setup of TestOptimizationCombinations.test_binary_optimization_combinations[jit-parallel] _
c:\Users\alexf\OneDrive\Documents\Projects\quActuary\quactuary\tests\integration\conftest.py:183: in small_portfolio
    ???
c:\Users\alexf\OneDrive\Documents\Projects\quActuary\quactuary\tests\integration\conftest.py:123: in generate_deterministic_portfolio
    ???
E   TypeError: Lognormal.__init__() got an unexpected keyword argument 'location'
_ ERROR at setup of TestOptimizationCombinations.test_binary_optimization_combinations[jit-vectorized] _
c:\Users\alexf\OneDrive\Documents\Projects\quActuary\quactuary\tests\integration\conftest.py:183: in small_portfolio
    ???
c:\Users\alexf\OneDrive\Documents\Projects\quActuary\quactuary\tests\integration\conftest.py:123: in generate_deterministic_portfolio
    ???
E   TypeError: Lognormal.__init__() got an unexpected keyword argument 'location'
_ ERROR at setup of TestOptimizationCombinations.test_binary_optimization_combinations[qmc-parallel] _
c:\Users\alexf\OneDrive\Documents\Projects\quActuary\quactuary\tests\integration\conftest.py:183: in small_portfolio
    ???
c:\Users\alexf\OneDrive\Documents\Projects\quActuary\quactuary\tests\integration\conftest.py:123: in generate_deterministic_portfolio
    ???
E   TypeError: Lognormal.__init__() got an unexpected keyword argument 'location'
_ ERROR at setup of TestOptimizationCombinations.test_binary_optimization_combinations[qmc-vectorized] _
c:\Users\alexf\OneDrive\Documents\Projects\quActuary\quactuary\tests\integration\conftest.py:183: in small_portfolio
    ???
c:\Users\alexf\OneDrive\Documents\Projects\quActuary\quactuary\tests\integration\conftest.py:123: in generate_deterministic_portfolio
    ???
E   TypeError: Lognormal.__init__() got an unexpected keyword argument 'location'
_ ERROR at setup of TestOptimizationCombinations.test_binary_optimization_combinations[parallel-vectorized] _
c:\Users\alexf\OneDrive\Documents\Projects\quActuary\quactuary\tests\integration\conftest.py:183: in small_portfolio
    ???
c:\Users\alexf\OneDrive\Documents\Projects\quActuary\quactuary\tests\integration\conftest.py:123: in generate_deterministic_portfolio
    ???
E   TypeError: Lognormal.__init__() got an unexpected keyword argument 'location'
_ ERROR at setup of TestOptimizationCombinations.test_binary_optimization_combinations[vectorized-memory] _
c:\Users\alexf\OneDrive\Documents\Projects\quActuary\quactuary\tests\integration\conftest.py:183: in small_portfolio
    ???
c:\Users\alexf\OneDrive\Documents\Projects\quActuary\quactuary\tests\integration\conftest.py:123: in generate_deterministic_portfolio
    ???
E   TypeError: Lognormal.__init__() got an unexpected keyword argument 'location'
_ ERROR at setup of TestOptimizationCombinations.test_binary_optimization_combinations[memory-jit] _
c:\Users\alexf\OneDrive\Documents\Projects\quActuary\quactuary\tests\integration\conftest.py:183: in small_portfolio
    ???
c:\Users\alexf\OneDrive\Documents\Projects\quActuary\quactuary\tests\integration\conftest.py:123: in generate_deterministic_portfolio
    ???
E   TypeError: Lognormal.__init__() got an unexpected keyword argument 'location'
_ ERROR at setup of TestOptimizationCombinations.test_triple_optimization_combinations _
c:\Users\alexf\OneDrive\Documents\Projects\quActuary\quactuary\tests\integration\conftest.py:189: in medium_portfolio
    ???
c:\Users\alexf\OneDrive\Documents\Projects\quActuary\quactuary\tests\integration\conftest.py:123: in generate_deterministic_portfolio
    ???
E   TypeError: Lognormal.__init__() got an unexpected keyword argument 'location'
_ ERROR at setup of TestOptimizationCombinations.test_full_optimization_combination _
c:\Users\alexf\OneDrive\Documents\Projects\quActuary\quactuary\tests\integration\conftest.py:195: in large_portfolio
    ???
c:\Users\alexf\OneDrive\Documents\Projects\quActuary\quactuary\tests\integration\conftest.py:123: in generate_deterministic_portfolio
    ???
E   TypeError: Lognormal.__init__() got an unexpected keyword argument 'location'
_ ERROR at setup of TestOptimizationCombinations.test_optimization_fallback_mechanisms _
c:\Users\alexf\OneDrive\Documents\Projects\quActuary\quactuary\tests\integration\conftest.py:183: in small_portfolio
    ???
c:\Users\alexf\OneDrive\Documents\Projects\quActuary\quactuary\tests\integration\conftest.py:123: in generate_deterministic_portfolio
    ???
E   TypeError: Lognormal.__init__() got an unexpected keyword argument 'location'
_ ERROR at setup of TestOptimizationCombinations.test_optimization_scaling_efficiency[100-2.0] _
c:\Users\alexf\OneDrive\Documents\Projects\quActuary\quactuary\tests\integration\conftest.py:189: in medium_portfolio
    ???
c:\Users\alexf\OneDrive\Documents\Projects\quActuary\quactuary\tests\integration\conftest.py:123: in generate_deterministic_portfolio
    ???
E   TypeError: Lognormal.__init__() got an unexpected keyword argument 'location'
_ ERROR at setup of TestOptimizationCombinations.test_optimization_scaling_efficiency[1000-5.0] _
c:\Users\alexf\OneDrive\Documents\Projects\quActuary\quactuary\tests\integration\conftest.py:189: in medium_portfolio
    ???
c:\Users\alexf\OneDrive\Documents\Projects\quActuary\quactuary\tests\integration\conftest.py:123: in generate_deterministic_portfolio
    ???
E   TypeError: Lognormal.__init__() got an unexpected keyword argument 'location'
_ ERROR at setup of TestOptimizationCombinations.test_optimization_scaling_efficiency[5000-10.0] _
c:\Users\alexf\OneDrive\Documents\Projects\quActuary\quactuary\tests\integration\conftest.py:189: in medium_portfolio
    ???
c:\Users\alexf\OneDrive\Documents\Projects\quActuary\quactuary\tests\integration\conftest.py:123: in generate_deterministic_portfolio
    ???
E   TypeError: Lognormal.__init__() got an unexpected keyword argument 'location'
_ ERROR at setup of TestOptimizationCombinations.test_optimization_numerical_stability _
c:\Users\alexf\OneDrive\Documents\Projects\quActuary\quactuary\tests\integration\conftest.py:183: in small_portfolio
    ???
c:\Users\alexf\OneDrive\Documents\Projects\quActuary\quactuary\tests\integration\conftest.py:123: in generate_deterministic_portfolio
    ???
E   TypeError: Lognormal.__init__() got an unexpected keyword argument 'location'
=================================== FAILURES ===================================
_________ TestBinomialGammaBessel.test_bessel_function_representation __________
c:\Users\alexf\OneDrive\Documents\Projects\quActuary\quactuary\quactuary\tests\distributions\test_compound_binomial_comprehensive.py:156: in test_bessel_function_representation
    ???
E   AssertionError: PDF mismatch at x=50 using Fourier inversion
E   assert np.False_
E    +  where np.False_ = <function isclose at 0x7f0ab3bb74b0>(np.float64(0.0003982482102897881), 0.00352425553539366, rtol=0.05)
E    +    where <function isclose at 0x7f0ab3bb74b0> = np.isclose
________ TestPanjerRecursionConvergence.test_recursion_convergence_rate ________
c:\Users\alexf\OneDrive\Documents\Projects\quActuary\quactuary\quactuary\tests\distributions\test_compound_binomial_comprehensive.py:253: in test_recursion_convergence_rate
    ???
E   assert 4.440892098500626e-16 < 4.440892098500626e-16
_______ TestPropertyBasedTesting.test_distribution_bounds_binomial_gamma _______
c:\Users\alexf\OneDrive\Documents\Projects\quActuary\quactuary\quactuary\tests\distributions\test_compound_binomial_comprehensive.py:343: in test_distribution_bounds_binomial_gamma
    ???
c:\Users\alexf\OneDrive\Documents\Projects\quActuary\quactuary\quactuary\tests\distributions\test_compound_binomial_comprehensive.py:366: in test_distribution_bounds_binomial_gamma
    ???
E   assert np.False_
E    +  where np.False_ = <function isclose at 0x7f0ab3bb74b0>(np.float64(2.250999386887996e-11), 1.0)
E    +    where <function isclose at 0x7f0ab3bb74b0> = np.isclose
E    +    and   np.float64(2.250999386887996e-11) = cdf(inf)
E    +      where cdf = <quactuary.distributions.compound.BinomialGammaCompound object at 0x7f0a44927b60>.cdf
E    +      and   inf = np.inf
E   Falsifying example: test_distribution_bounds_binomial_gamma(
E       # The test always failed when commented parts were varied together.
E       self=<quactuary.tests.distributions.test_compound_binomial_comprehensive.TestPropertyBasedTesting object at 0x7f0a4f35a5a0>,
E       n=14,
E       p=0.875,
E       alpha=1.0,  # or any other generated value
E       scale=10.0,  # or any other generated value
E   )
______ TestPropertyBasedTesting.test_cdf_monotonicity_binomial_lognormal _______
c:\Users\alexf\OneDrive\Documents\Projects\quActuary\quactuary\quactuary\tests\distributions\test_compound_binomial_comprehensive.py:369: in test_cdf_monotonicity_binomial_lognormal
    ???
c:\Users\alexf\OneDrive\Documents\Projects\quActuary\quactuary\quactuary\tests\distributions\test_compound_binomial_comprehensive.py:390: in test_cdf_monotonicity_binomial_lognormal
    ???
E   assert np.int64(37) >= (49 * 0.9)
E    +  where np.int64(37) = sum(<generator object TestPropertyBasedTesting.test_cdf_monotonicity_binomial_lognormal.<locals>.<genexpr> at 0x7f0a42cdaf60>)
E    +  and   49 = len(array([0.00000000e+00, 0.00000000e+00, 0.00000000e+00, 0.00000000e+00,\n       0.00000000e+00, 0.00000000e+00, 0.00000000e+00, 0.00000000e+00,\n       0.00000000e+00, 0.00000000e+00, 0.00000000e+00, 5.55111512e-17,\n       2.35922393e-15, 8.37940828e-14, 2.38278841e-12, 5.44794210e-11,\n       1.00147982e-09, 1.48038608e-08, 1.75991562e-07, 1.68288045e-06,\n       1.29454933e-05, 8.01207926e-05, 3.99013697e-04, 1.59918326e-03,\n       5.15861753e-03, 1.33972358e-02, 2.80469140e-02, 4.76106988e-02,\n       6.70444815e-02, 8.33851360e-02, 1.00664280e-01, 1.20791815e-01,\n       1.32310975e-01, 1.21625636e-01, 8.79722796e-02, 4.57408876e-02,\n       1.55214958e-02, 3.21414629e-03, 3.92814076e-04, 2.81844164e-05,\n       1.22614394e-06, 3.65537745e-08, 1.01264985e-09, 3.46055407e-11,\n       1.28241862e-12, 4.20774526e-14, 8.88178420e-16, 2.22044605e-16,\n       0.00000000e+00]))
E   Falsifying example: test_cdf_monotonicity_binomial_lognormal(
E       self=<quactuary.tests.distributions.test_compound_binomial_comprehensive.TestPropertyBasedTesting object at 0x7f0a4f35b830>,
E       n=3,  # or any other generated value
E       p=0.5,  # or any other generated value
E       sigma=0.5,
E   )
E   Explanation:
E       These lines were always and only run by failing examples:
E           /home/alexf/claude-env/lib/python3.12/site-packages/numpy/_core/arrayprint.py:997
E           /home/alexf/claude-env/lib/python3.12/site-packages/numpy/_core/arrayprint.py:1002
____________ TestHermitePolynomials.test_hermite_polynomial_values _____________
quactuary/tests/distributions/test_edgeworth_comprehensive.py:34: in test_hermite_polynomial_values
    h0 = EdgeworthExpansion._hermite_polynomial(0, x_values)
E   TypeError: EdgeworthExpansion._hermite_polynomial() missing 1 required positional argument: 'x'
___________ TestHermitePolynomials.test_hermite_recurrence_relation ____________
quactuary/tests/distributions/test_edgeworth_comprehensive.py:62: in test_hermite_recurrence_relation
    hn_minus_1 = EdgeworthExpansion._hermite_polynomial(n-1, x)
E   TypeError: EdgeworthExpansion._hermite_polynomial() missing 1 required positional argument: 'x'
______________ TestHermitePolynomials.test_hermite_orthogonality _______________
quactuary/tests/distributions/test_edgeworth_comprehensive.py:87: in test_hermite_orthogonality
    integral, _ = integrate.quad(
/home/alexf/claude-env/lib/python3.12/site-packages/scipy/integrate/_quadpack_py.py:459: in quad
    retval = _quad(func, a, b, args, full_output, epsabs, epsrel, limit,
/home/alexf/claude-env/lib/python3.12/site-packages/scipy/integrate/_quadpack_py.py:608: in _quad
    return _quadpack._qagie(func, bound, infbounds, args, full_output,
quactuary/tests/distributions/test_edgeworth_comprehensive.py:88: in <lambda>
    lambda x: integrand(x, n, m),
quactuary/tests/distributions/test_edgeworth_comprehensive.py:80: in integrand
    hn = EdgeworthExpansion._hermite_polynomial(n, x)
E   TypeError: EdgeworthExpansion._hermite_polynomial() missing 1 required positional argument: 'x'
________ TestEdgeworthSeriesConvergence.test_automatic_order_selection _________
quactuary/tests/distributions/test_edgeworth_comprehensive.py:136: in test_automatic_order_selection
    order = automatic_order_selection(
E   TypeError: automatic_order_selection() got an unexpected keyword argument 'n_samples'
______________ TestEdgeworthPDFCDF.test_edgeworth_pdf_integration ______________
quactuary/tests/distributions/test_edgeworth_comprehensive.py:235: in test_edgeworth_pdf_integration
    assert np.isclose(integral, 1.0, rtol=1e-3), \
E   AssertionError: Order 3 PDF doesn't integrate to 1: 1.0019992331223422
E   assert np.False_
E    +  where np.False_ = <function isclose at 0x7f0ab3bb74b0>(np.float64(1.0019992331223422), 1.0, rtol=0.001)
E    +    where <function isclose at 0x7f0ab3bb74b0> = np.isclose
_________________ TestEdgeworthPDFCDF.test_pdf_cdf_consistency _________________
quactuary/tests/distributions/test_edgeworth_comprehensive.py:293: in test_pdf_cdf_consistency
    np.testing.assert_allclose(
E   AssertionError: 
E   Not equal to tolerance rtol=0.01, atol=0
E   
E   Mismatched elements: 4 / 80 (5%)
E   Max absolute difference among violations: 0.00150518
E   Max relative difference among violations: 1.
E    ACTUAL: array([0.000000e+00, 0.000000e+00, 2.608822e-05, 1.164650e-03,
E          2.574349e-03, 3.211766e-03, 3.937601e-03, 4.756419e-03,
E          5.671892e-03, 6.686607e-03, 7.801887e-03, 9.017618e-03,...
E    DESIRED: array([0.000787, 0.001127, 0.001531, 0.002007, 0.00256 , 0.003197,
E          0.003922, 0.00474 , 0.005655, 0.00667 , 0.007785, 0.009001,
E          0.010316, 0.011727, 0.013228, 0.014812, 0.016471, 0.018193,...
_______ TestCornishFisherExpansion.test_cornish_fisher_inverse_property ________
quactuary/tests/distributions/test_edgeworth_comprehensive.py:325: in test_cornish_fisher_inverse_property
    assert np.isclose(cdf_x, q, rtol=0.01), \
E   AssertionError: CF quantile doesn't invert CDF at q=0.01: CDF(59.35556842725563)=0.010508361050404308
E   assert np.False_
E    +  where np.False_ = <function isclose at 0x7f0ab3bb74b0>(np.float64(0.010508361050404308), 0.01, rtol=0.01)
E    +    where <function isclose at 0x7f0ab3bb74b0> = np.isclose
____________ TestCornishFisherExpansion.test_cornish_fisher_formula ____________
quactuary/tests/distributions/test_edgeworth_comprehensive.py:338: in test_cornish_fisher_formula
    cf_correction = cornish_fisher_expansion(
E   NameError: name 'cornish_fisher_expansion' is not defined
_______ TestCompoundDistributionEdgeworth.test_compound_edgeworth_setup ________
quactuary/tests/distributions/test_edgeworth_comprehensive.py:388: in test_compound_edgeworth_setup
    compound_edgeworth = CompoundDistributionEdgeworth(compound)
E   TypeError: CompoundDistributionEdgeworth.__init__() missing 2 required positional arguments: 'frequency_var' and 'severity_moments'
______ TestCompoundDistributionEdgeworth.test_compound_edgeworth_accuracy ______
quactuary/tests/distributions/test_edgeworth_comprehensive.py:405: in test_compound_edgeworth_accuracy
    compound_edgeworth = CompoundDistributionEdgeworth(compound)
E   TypeError: CompoundDistributionEdgeworth.__init__() missing 2 required positional arguments: 'frequency_var' and 'severity_moments'
___ TestCompoundDistributionEdgeworth.test_compound_edgeworth_vs_simulation ____
quactuary/tests/distributions/test_edgeworth_comprehensive.py:429: in test_compound_edgeworth_vs_simulation
    compound_edgeworth = CompoundDistributionEdgeworth(compound)
E   TypeError: CompoundDistributionEdgeworth.__init__() missing 2 required positional arguments: 'frequency_var' and 'severity_moments'
_________ TestNumericalStabilityEdgeworth.test_high_order_polynomials __________
quactuary/tests/distributions/test_edgeworth_comprehensive.py:630: in test_high_order_polynomials
    hn = EdgeworthExpansion._hermite_polynomial(n, x)
E   TypeError: EdgeworthExpansion._hermite_polynomial() missing 1 required positional argument: 'x'
[...]
    warnings.warn(f"JIT optimization assumes Lognormal/Exponential severity. Using empirical mean={sev_mean}, std={sev_std}")

quactuary/tests/test_sobol.py::TestSobolEngine::test_generate_points
quactuary/tests/test_sobol.py::TestSobolEngine::test_uniformity_1d
  /home/alexf/claude-env/lib/python3.12/site-packages/scipy/stats/_qmc.py:993: UserWarning: The balance properties of Sobol' points require n to be a power of 2.
    sample = self._random(n, workers=workers)

quactuary/tests/utils/test_numerical.py::TestStableExponentials::test_stable_exp_no_clip
  /mnt/c/Users/alexf/OneDrive/Documents/Projects/quActuary/quactuary/quactuary/utils/numerical.py:168: RuntimeWarning: overflow encountered in exp
    return np.exp(x)

quactuary/tests/utils/test_numerical.py::TestNumericalValidation::test_clip_to_valid_range_basic
  /mnt/c/Users/alexf/OneDrive/Documents/Projects/quActuary/quactuary/quactuary/utils/numerical.py:271: UserWarning: array contains values outside [0, 1], clipping to valid range
    warnings.warn(f"{name} contains values outside [{min_val}, {max_val}], clipping to valid range")

quactuary/tests/utils/test_numerical.py::TestNumericalValidation::test_clip_to_valid_range_min_only
  /mnt/c/Users/alexf/OneDrive/Documents/Projects/quActuary/quactuary/quactuary/utils/numerical.py:275: UserWarning: array contains values below 0, clipping to valid range
    warnings.warn(f"{name} contains values below {min_val}, clipping to valid range")

quactuary/tests/utils/test_numerical.py::TestNumericalValidation::test_clip_to_valid_range_max_only
  /mnt/c/Users/alexf/OneDrive/Documents/Projects/quActuary/quactuary/quactuary/utils/numerical.py:279: UserWarning: array contains values above 1, clipping to valid range
    warnings.warn(f"{name} contains values above {max_val}, clipping to valid range")

-- Docs: https://docs.pytest.org/en/stable/how-to/capture-warnings.html
=========================== short test summary info ============================
FAILED quactuary/tests/distributions/test_compound_binomial_comprehensive.py::TestBinomialGammaBessel::test_bessel_function_representation
FAILED quactuary/tests/distributions/test_compound_binomial_comprehensive.py::TestPanjerRecursionConvergence::test_recursion_convergence_rate
FAILED quactuary/tests/distributions/test_compound_binomial_comprehensive.py::TestPropertyBasedTesting::test_distribution_bounds_binomial_gamma
FAILED quactuary/tests/distributions/test_compound_binomial_comprehensive.py::TestPropertyBasedTesting::test_cdf_monotonicity_binomial_lognormal
FAILED quactuary/tests/distributions/test_edgeworth_comprehensive.py::TestHermitePolynomials::test_hermite_polynomial_values
FAILED quactuary/tests/distributions/test_edgeworth_comprehensive.py::TestHermitePolynomials::test_hermite_recurrence_relation
FAILED quactuary/tests/distributions/test_edgeworth_comprehensive.py::TestHermitePolynomials::test_hermite_orthogonality
FAILED quactuary/tests/distributions/test_edgeworth_comprehensive.py::TestEdgeworthSeriesConvergence::test_automatic_order_selection
FAILED quactuary/tests/distributions/test_edgeworth_comprehensive.py::TestEdgeworthPDFCDF::test_edgeworth_pdf_integration
FAILED quactuary/tests/distributions/test_edgeworth_comprehensive.py::TestEdgeworthPDFCDF::test_pdf_cdf_consistency
FAILED quactuary/tests/distributions/test_edgeworth_comprehensive.py::TestCornishFisherExpansion::test_cornish_fisher_inverse_property
FAILED quactuary/tests/distributions/test_edgeworth_comprehensive.py::TestCornishFisherExpansion::test_cornish_fisher_formula
FAILED quactuary/tests/distributions/test_edgeworth_comprehensive.py::TestCompoundDistributionEdgeworth::test_compound_edgeworth_setup
FAILED quactuary/tests/distributions/test_edgeworth_comprehensive.py::TestCompoundDistributionEdgeworth::test_compound_edgeworth_accuracy
FAILED quactuary/tests/distributions/test_edgeworth_comprehensive.py::TestCompoundDistributionEdgeworth::test_compound_edgeworth_vs_simulation
FAILED quactuary/tests/distributions/test_edgeworth_comprehensive.py::TestNumericalStabilityEdgeworth::test_high_order_polynomials
FAILED quactuary/tests/distributions/test_mixed_poisson_comprehensive.py::TestPoissonGammaMixture::test_negative_binomial_equivalence
FAILED quactuary/tests/distributions/test_mixed_poisson_comprehensive.py::TestPoissonGammaMixture::test_tail_behavior
FAILED quactuary/tests/distributions/test_mixed_poisson_comprehensive.py::TestPoissonInverseGaussianMixture::test_heavy_tail_property
FAILED quactuary/tests/distributions/test_mixed_poisson_comprehensive.py::TestPoissonInverseGaussianMixture::test_mixing_density_inverse_gaussian
FAILED quactuary/tests/distributions/test_mixed_poisson_comprehensive.py::TestPoissonInverseGaussianMixture::test_variance_to_mean_ratio
FAILED quactuary/tests/distributions/test_mixed_poisson_comprehensive.py::TestHierarchicalPoissonMixture::test_two_level_hierarchy
FAILED quactuary/tests/distributions/test_mixed_poisson_comprehensive.py::TestHierarchicalPoissonMixture::test_conditional_simulation
FAILED quactuary/tests/distributions/test_mixed_poisson_comprehensive.py::TestHierarchicalPoissonMixture::test_variance_decomposition
FAILED quactuary/tests/distributions/test_mixed_poisson_comprehensive.py::TestTimeVaryingPoissonMixture::test_constant_intensity_function
FAILED quactuary/tests/distributions/test_mixed_poisson_comprehensive.py::TestTimeVaryingPoissonMixture::test_linear_intensity_function
FAILED quactuary/tests/distributions/test_mixed_poisson_comprehensive.py::TestTimeVaryingPoissonMixture::test_seasonal_intensity_function
FAILED quactuary/tests/distributions/test_mixed_poisson_comprehensive.py::TestTimeVaryingPoissonMixture::test_intensity_integration_accuracy
FAILED quactuary/tests/distributions/test_mixed_poisson_comprehensive.py::TestPropertyBasedMixedPoisson::test_poisson_gamma_properties
FAILED quactuary/tests/distributions/test_mixed_poisson_comprehensive.py::TestPropertyBasedMixedPoisson::test_poisson_inverse_gaussian_properties
FAILED quactuary/tests/distributions/test_mixed_poisson_comprehensive.py::TestEdgeCasesMixedPoisson::test_small_mixing_variance
FAILED quactuary/tests/distributions/test_mixed_poisson_comprehensive.py::TestEdgeCasesMixedPoisson::test_extreme_overdispersion
FAILED quactuary/tests/distributions/test_mixed_poisson_comprehensive.py::TestEdgeCasesMixedPoisson::test_degenerate_hierarchical
FAILED quactuary/tests/distributions/test_mixed_poisson_comprehensive.py::TestNumericalStabilityMixedPoisson::test_extreme_parameter_values
FAILED quactuary/tests/distributions/test_mixed_poisson_comprehensive.py::TestNumericalStabilityMixedPoisson::test_tail_probability_computation
FAILED quactuary/tests/distributions/test_property_based_distributions.py::TestDistributionBounds::test_cdf_bounds_and_monotonicity
FAILED quactuary/tests/distributions/test_property_based_distributions.py::TestDistributionBounds::test_pmf_sum_to_one
FAILED quactuary/tests/distributions/test_property_based_distributions.py::TestDistributionBounds::test_survival_function_consistency
FAILED quactuary/tests/distributions/test_property_based_distributions.py::TestSpecialCases::test_negative_binomial_large_r
FAILED quactuary/tests/distributions/test_zero_inflated_comprehensive.py::TestZeroInflatedMixtureEMConvergence::test_em_convergence_simple_case
FAILED quactuary/tests/distributions/test_zero_inflated_comprehensive.py::TestZeroInflatedMixtureEMConvergence::test_em_monotonic_likelihood
FAILED quactuary/tests/distributions/test_zero_inflated_comprehensive.py::TestZeroInflatedMixtureEMConvergence::test_em_parameter_constraints
FAILED quactuary/tests/distributions/test_zero_inflated_comprehensive.py::TestZeroInflatedMixtureEMConvergence::test_em_initialization_strategies
FAILED quactuary/tests/distributions/test_zero_inflated_comprehensive.py::TestVuongTestStatistics::test_vuong_test_zi_vs_standard
FAILED quactuary/tests/distributions/test_zero_inflated_comprehensive.py::TestVuongTestStatistics::test_vuong_test_no_zero_inflation
FAILED quactuary/tests/distributions/test_zero_inflated_comprehensive.py::TestVuongTestStatistics::test_vuong_test_compound_distributions
FAILED quactuary/tests/distributions/test_zero_inflated_comprehensive.py::TestScoreTest::test_score_test_significant_zi
FAILED quactuary/tests/distributions/test_zero_inflated_comprehensive.py::TestScoreTest::test_score_test_no_zi
FAILED quactuary/tests/distributions/test_zero_inflated_comprehensive.py::TestScoreTest::test_score_test_boundary_case
FAILED quactuary/tests/distributions/test_zero_inflated_comprehensive.py::TestEdgeCasesZeroInflated::test_zero_inflation_probability_extremes
FAILED quactuary/tests/distributions/test_zero_inflated_comprehensive.py::TestEdgeCasesZeroInflated::test_all_zeros_data
FAILED quactuary/tests/distributions/test_zero_inflated_comprehensive.py::TestEdgeCasesZeroInflated::test_no_zeros_data
FAILED quactuary/tests/test_compound.py::TestAnalyticalSolutions::test_poisson_gamma_tweedie_parameters
FAILED quactuary/tests/test_compound.py::TestAnalyticalSolutions::test_negative_binomial_gamma_quantiles
FAILED quactuary/tests/test_compound.py::TestPerformanceAndIntegration::test_quantum_compatible_parameters
FAILED quactuary/tests/test_compound.py::TestBinomialCompounds::test_binomial_lognormal_approximation
FAILED quactuary/tests/test_compound.py::TestBinomialCompounds::test_binomial_exponential_gamma_factory
FAILED quactuary/tests/test_memory_management.py::TestMemoryConfig::test_memory_config_defaults
FAILED quactuary/tests/test_memory_management.py::TestMemoryConfig::test_memory_config_custom
FAILED quactuary/tests/test_memory_management.py::TestMemoryManager::test_initialization
FAILED quactuary/tests/test_memory_management.py::TestMemoryManager::test_estimate_memory_usage
FAILED quactuary/tests/test_memory_management.py::TestMemoryManager::test_calculate_optimal_batch_size
FAILED quactuary/tests/test_memory_management.py::TestMemoryManager::test_allocate_memory_array
FAILED quactuary/tests/test_memory_management.py::TestMemoryManager::test_create_memory_mapped_array
FAILED quactuary/tests/test_memory_management.py::TestMemoryManager::test_optimize_gc
FAILED quactuary/tests/test_memory_management.py::TestMemoryManager::test_clear_memory_pool
FAILED quactuary/tests/test_memory_management.py::TestStreamingSimulator::test_initialization
FAILED quactuary/tests/test_memory_management.py::TestStreamingSimulator::test_simulate_streaming
FAILED quactuary/tests/test_memory_management.py::TestStreamingSimulator::test_simulate_batch
FAILED quactuary/tests/test_memory_management.py::TestStreamingSimulator::test_update_online_statistics
FAILED quactuary/tests/test_memory_management.py::TestStreamingSimulator::test_finalize_statistics
FAILED quactuary/tests/test_memory_management.py::TestStreamingSimulator::test_empty_portfolio
FAILED quactuary/tests/test_memory_management.py::TestDemonstrateMemoryManagement::test_demonstration
FAILED quactuary/tests/test_sobol.py::TestConvergence::test_tail_convergence
FAILED quactuary/tests/test_sobol.py::TestQMCWrapperCoverage::test_qmc_simulator_reset
FAILED quactuary/tests/test_sobol.py::TestQMCWrapperCoverage::test_qmc_frequency_wrapper_ppf
FAILED quactuary/tests/test_sobol.py::TestQMCWrapperCoverage::test_qmc_severity_wrapper_binary_search
FAILED quactuary/tests/test_sobol.py::TestQMCWrapperCoverage::test_dimension_allocator_large_portfolio
FAILED quactuary/tests/test_vectorized_simulation.py::TestVectorizedSimulator::test_simulate_inforce_vectorized
FAILED quactuary/tests/test_vectorized_simulation.py::TestVectorizedSimulator::test_simulate_inforce_vectorized_v2
FAILED quactuary/tests/test_vectorized_simulation.py::TestVectorizedSimulator::test_consistency_between_v1_and_v2
FAILED quactuary/tests/test_vectorized_simulation.py::TestVectorizedSimulator::test_apply_policy_terms_vectorized
FAILED quactuary/tests/test_vectorized_simulation.py::TestVectorizedSimulator::test_calculate_statistics_vectorized
FAILED quactuary/tests/test_vectorized_simulation.py::TestVectorizedSimulator::test_zero_frequency_handling
FAILED quactuary/tests/test_vectorized_simulation.py::TestVectorizedSimulator::test_extreme_values
FAILED quactuary/tests/test_vectorized_simulation.py::TestBenchmarkVectorization::test_benchmark_execution
FAILED quactuary/tests/test_vectorized_simulation.py::TestBenchmarkVectorization::test_benchmark_output
FAILED tests/integration/test_accuracy_validation.py::TestStatisticalProperties::test_correlation_structure_preservation
FAILED tests/integration/test_accuracy_validation.py::TestEdgeCases::test_extreme_value_handling
FAILED tests/integration/test_accuracy_validation.py::TestDistributionCombinations::test_distribution_combination_accuracy[poisson-gamma]
FAILED tests/integration/test_accuracy_validation.py::TestDistributionCombinations::test_distribution_combination_accuracy[poisson-lognormal]
FAILED tests/integration/test_accuracy_validation.py::TestDistributionCombinations::test_distribution_combination_accuracy[negative_binomial-pareto]
FAILED tests/integration/test_accuracy_validation.py::TestDistributionCombinations::test_distribution_combination_accuracy[geometric-exponential]
FAILED tests/integration/test_end_to_end_scenarios.py::TestSmallPortfolioScenarios::test_homogeneous_small_portfolio
FAILED tests/integration/test_end_to_end_scenarios.py::TestSmallPortfolioScenarios::test_heterogeneous_small_portfolio
FAILED tests/integration/test_end_to_end_scenarios.py::TestSmallPortfolioScenarios::test_single_policy_many_simulations
FAILED tests/integration/test_end_to_end_scenarios.py::TestMediumPortfolioScenarios::test_property_insurance_portfolio
FAILED tests/integration/test_end_to_end_scenarios.py::TestMediumPortfolioScenarios::test_liability_insurance_portfolio
FAILED tests/integration/test_end_to_end_scenarios.py::TestMediumPortfolioScenarios::test_mixed_lines_portfolio
FAILED tests/integration/test_end_to_end_scenarios.py::TestLargePortfolioScenarios::test_large_portfolio_memory_management
FAILED tests/integration/test_end_to_end_scenarios.py::TestLargePortfolioScenarios::test_parallel_scaling_validation
FAILED tests/integration/test_end_to_end_scenarios.py::TestExtremeScenarios::test_extreme_portfolio_size
FAILED tests/integration/test_performance_validation.py::TestSpeedupValidation::test_speedup_targets_by_size[small-15.0-5.0]
FAILED tests/integration/test_performance_validation.py::TestSpeedupValidation::test_speedup_targets_by_size[medium-35.0-10.0]
FAILED tests/integration/test_performance_validation.py::TestSpeedupValidation::test_speedup_targets_by_size[large-25.0-8.0]
FAILED tests/integration/test_performance_validation.py::TestSpeedupValidation::test_scaling_curve_analysis
FAILED tests/integration/test_performance_validation.py::TestMemoryEfficiency::test_memory_usage_limits[small-1024]
FAILED tests/integration/test_performance_validation.py::TestMemoryEfficiency::test_memory_usage_limits[medium-2048]
FAILED tests/integration/test_performance_validation.py::TestMemoryEfficiency::test_memory_usage_limits[large-4096]
FAILED tests/integration/test_performance_validation.py::TestMemoryEfficiency::test_memory_leak_detection
FAILED tests/integration/test_performance_validation.py::TestQMCConvergence::test_qmc_convergence_rate[1000--0.8]
FAILED tests/integration/test_performance_validation.py::TestQMCConvergence::test_qmc_convergence_rate[5000--0.9]
FAILED tests/integration/test_performance_validation.py::TestQMCConvergence::test_qmc_convergence_rate[10000--1.0]
FAILED tests/integration/test_performance_validation.py::TestQMCConvergence::test_qmc_vs_mc_comparison
FAILED tests/integration/test_performance_validation.py::TestBaselineComparison::test_baseline_regression_detection
ERROR tests/integration/test_accuracy_validation.py::TestNumericalAccuracy::test_optimization_numerical_accuracy[1e-06-0.0001]
ERROR tests/integration/test_accuracy_validation.py::TestNumericalAccuracy::test_optimization_numerical_accuracy[0.0001-0.001]
ERROR tests/integration/test_accuracy_validation.py::TestNumericalAccuracy::test_optimization_numerical_accuracy[0.001-0.01]
ERROR tests/integration/test_accuracy_validation.py::TestNumericalAccuracy::test_moments_preservation
ERROR tests/integration/test_accuracy_validation.py::TestStatisticalProperties::test_distribution_shape_preservation
ERROR tests/integration/test_accuracy_validation.py::TestRiskMeasures::test_var_at_multiple_confidence_levels[0.9]
ERROR tests/integration/test_accuracy_validation.py::TestRiskMeasures::test_var_at_multiple_confidence_levels[0.95]
ERROR tests/integration/test_accuracy_validation.py::TestRiskMeasures::test_var_at_multiple_confidence_levels[0.99]
ERROR tests/integration/test_accuracy_validation.py::TestRiskMeasures::test_var_at_multiple_confidence_levels[0.995]
ERROR tests/integration/test_accuracy_validation.py::TestRiskMeasures::test_var_monotonicity
ERROR tests/integration/test_optimization_combinations.py::TestOptimizationCombinations::test_single_optimization_strategies[True-False-False-False-False]
ERROR tests/integration/test_optimization_combinations.py::TestOptimizationCombinations::test_single_optimization_strategies[False-True-False-False-False]
ERROR tests/integration/test_optimization_combinations.py::TestOptimizationCombinations::test_single_optimization_strategies[False-False-True-False-False]
ERROR tests/integration/test_optimization_combinations.py::TestOptimizationCombinations::test_single_optimization_strategies[False-False-False-True-False]
ERROR tests/integration/test_optimization_combinations.py::TestOptimizationCombinations::test_single_optimization_strategies[False-False-False-False-True]
ERROR tests/integration/test_optimization_combinations.py::TestOptimizationCombinations::test_binary_optimization_combinations[jit-qmc]
ERROR tests/integration/test_optimization_combinations.py::TestOptimizationCombinations::test_binary_optimization_combinations[jit-parallel]
ERROR tests/integration/test_optimization_combinations.py::TestOptimizationCombinations::test_binary_optimization_combinations[jit-vectorized]
ERROR tests/integration/test_optimization_combinations.py::TestOptimizationCombinations::test_binary_optimization_combinations[qmc-parallel]
ERROR tests/integration/test_optimization_combinations.py::TestOptimizationCombinations::test_binary_optimization_combinations[qmc-vectorized]
ERROR tests/integration/test_optimization_combinations.py::TestOptimizationCombinations::test_binary_optimization_combinations[parallel-vectorized]
ERROR tests/integration/test_optimization_combinations.py::TestOptimizationCombinations::test_binary_optimization_combinations[vectorized-memory]
ERROR tests/integration/test_optimization_combinations.py::TestOptimizationCombinations::test_binary_optimization_combinations[memory-jit]
ERROR tests/integration/test_optimization_combinations.py::TestOptimizationCombinations::test_triple_optimization_combinations
ERROR tests/integration/test_optimization_combinations.py::TestOptimizationCombinations::test_full_optimization_combination
ERROR tests/integration/test_optimization_combinations.py::TestOptimizationCombinations::test_optimization_fallback_mechanisms
ERROR tests/integration/test_optimization_combinations.py::TestOptimizationCombinations::test_optimization_scaling_efficiency[100-2.0]
ERROR tests/integration/test_optimization_combinations.py::TestOptimizationCombinations::test_optimization_scaling_efficiency[1000-5.0]
ERROR tests/integration/test_optimization_combinations.py::TestOptimizationCombinations::test_optimization_scaling_efficiency[5000-10.0]
ERROR tests/integration/test_optimization_combinations.py::TestOptimizationCombinations::test_optimization_numerical_stability
= 115 failed, 336 passed, 6 skipped, 22 deselected, 165 warnings, 30 errors in 412.13s (0:06:52) =
